[2025-11-04T22:05:21.126+0000] {local_task_job_runner.py:123} INFO - ::group::Pre task execution logs
[2025-11-04T22:05:21.132+0000] {taskinstance.py:2612} INFO - Dependencies all met for dep_context=non-requeueable deps ti=<TaskInstance: retail_pipeline_dag.cleanup_files manual__2025-11-04T22:03:37.690604+00:00 [queued]>
[2025-11-04T22:05:21.135+0000] {taskinstance.py:2612} INFO - Dependencies all met for dep_context=requeueable deps ti=<TaskInstance: retail_pipeline_dag.cleanup_files manual__2025-11-04T22:03:37.690604+00:00 [queued]>
[2025-11-04T22:05:21.135+0000] {taskinstance.py:2865} INFO - Starting attempt 1 of 2
[2025-11-04T22:05:21.138+0000] {taskinstance.py:2888} INFO - Executing <Task(PythonOperator): cleanup_files> on 2025-11-04 22:03:37.690604+00:00
[2025-11-04T22:05:21.141+0000] {standard_task_runner.py:72} INFO - Started process 113 to run task
[2025-11-04T22:05:21.143+0000] {standard_task_runner.py:104} INFO - Running: ['***', 'tasks', 'run', 'retail_pipeline_dag', 'cleanup_files', 'manual__2025-11-04T22:03:37.690604+00:00', '--job-id', '23', '--raw', '--subdir', 'DAGS_FOLDER/retail_pipeline_dag.py', '--cfg-path', '/tmp/tmps_76uuoq']
[2025-11-04T22:05:21.144+0000] {standard_task_runner.py:105} INFO - Job 23: Subtask cleanup_files
[2025-11-04T22:05:21.159+0000] {task_command.py:467} INFO - Running <TaskInstance: retail_pipeline_dag.cleanup_files manual__2025-11-04T22:03:37.690604+00:00 [running]> on host b3f73153904a
[2025-11-04T22:05:21.182+0000] {taskinstance.py:3131} INFO - Exporting env vars: AIRFLOW_CTX_DAG_OWNER='kedar' AIRFLOW_CTX_DAG_ID='retail_pipeline_dag' AIRFLOW_CTX_TASK_ID='cleanup_files' AIRFLOW_CTX_EXECUTION_DATE='2025-11-04T22:03:37.690604+00:00' AIRFLOW_CTX_TRY_NUMBER='1' AIRFLOW_CTX_DAG_RUN_ID='manual__2025-11-04T22:03:37.690604+00:00'
[2025-11-04T22:05:21.182+0000] {taskinstance.py:731} INFO - ::endgroup::
[2025-11-04T22:05:21.187+0000] {logging_mixin.py:190} INFO - Removed /opt/***/data/processed/customers_clean.csv
[2025-11-04T22:05:21.187+0000] {logging_mixin.py:190} INFO - Removed /opt/***/data/processed/orders_clean.csv
[2025-11-04T22:05:21.187+0000] {logging_mixin.py:190} INFO - Removed /opt/***/data/processed/customer_order_stats.csv
[2025-11-04T22:05:21.188+0000] {python.py:240} INFO - Done. Returned value was: None
[2025-11-04T22:05:21.191+0000] {taskinstance.py:340} INFO - ::group::Post task execution logs
[2025-11-04T22:05:21.191+0000] {taskinstance.py:352} INFO - Marking task as SUCCESS. dag_id=retail_pipeline_dag, task_id=cleanup_files, run_id=manual__2025-11-04T22:03:37.690604+00:00, execution_date=20251104T220337, start_date=20251104T220521, end_date=20251104T220521
[2025-11-04T22:05:21.200+0000] {local_task_job_runner.py:266} INFO - Task exited with return code 0
[2025-11-04T22:05:21.208+0000] {taskinstance.py:3900} INFO - 0 downstream tasks scheduled from follow-on schedule check
[2025-11-04T22:05:21.208+0000] {local_task_job_runner.py:245} INFO - ::endgroup::
