[2025-11-05T00:05:54.805+0000] {local_task_job_runner.py:123} INFO - ::group::Pre task execution logs
[2025-11-05T00:05:54.811+0000] {taskinstance.py:2612} INFO - Dependencies all met for dep_context=non-requeueable deps ti=<TaskInstance: retail_pipeline_dag.merge_datasets scheduled__2025-11-04T00:00:00+00:00 [queued]>
[2025-11-05T00:05:54.813+0000] {taskinstance.py:2612} INFO - Dependencies all met for dep_context=requeueable deps ti=<TaskInstance: retail_pipeline_dag.merge_datasets scheduled__2025-11-04T00:00:00+00:00 [queued]>
[2025-11-05T00:05:54.813+0000] {taskinstance.py:2865} INFO - Starting attempt 1 of 2
[2025-11-05T00:05:54.817+0000] {taskinstance.py:2888} INFO - Executing <Task(PythonOperator): merge_datasets> on 2025-11-04 00:00:00+00:00
[2025-11-05T00:05:54.819+0000] {standard_task_runner.py:72} INFO - Started process 129 to run task
[2025-11-05T00:05:54.821+0000] {standard_task_runner.py:104} INFO - Running: ['***', 'tasks', 'run', 'retail_pipeline_dag', 'merge_datasets', 'scheduled__2025-11-04T00:00:00+00:00', '--job-id', '27', '--raw', '--subdir', 'DAGS_FOLDER/retail_pipeline_dag.py', '--cfg-path', '/tmp/tmpqh5iowd8']
[2025-11-05T00:05:54.822+0000] {standard_task_runner.py:105} INFO - Job 27: Subtask merge_datasets
[2025-11-05T00:05:54.838+0000] {task_command.py:467} INFO - Running <TaskInstance: retail_pipeline_dag.merge_datasets scheduled__2025-11-04T00:00:00+00:00 [running]> on host b3f73153904a
[2025-11-05T00:05:54.859+0000] {taskinstance.py:3131} INFO - Exporting env vars: AIRFLOW_CTX_DAG_OWNER='kedar' AIRFLOW_CTX_DAG_ID='retail_pipeline_dag' AIRFLOW_CTX_TASK_ID='merge_datasets' AIRFLOW_CTX_EXECUTION_DATE='2025-11-04T00:00:00+00:00' AIRFLOW_CTX_TRY_NUMBER='1' AIRFLOW_CTX_DAG_RUN_ID='scheduled__2025-11-04T00:00:00+00:00'
[2025-11-05T00:05:54.859+0000] {taskinstance.py:731} INFO - ::endgroup::
[2025-11-05T00:05:54.871+0000] {python.py:240} INFO - Done. Returned value was: None
[2025-11-05T00:05:54.874+0000] {taskinstance.py:340} INFO - ::group::Post task execution logs
[2025-11-05T00:05:54.874+0000] {taskinstance.py:352} INFO - Marking task as SUCCESS. dag_id=retail_pipeline_dag, task_id=merge_datasets, run_id=scheduled__2025-11-04T00:00:00+00:00, execution_date=20251104T000000, start_date=20251105T000554, end_date=20251105T000554
[2025-11-05T00:05:54.922+0000] {local_task_job_runner.py:266} INFO - Task exited with return code 0
[2025-11-05T00:05:54.932+0000] {taskinstance.py:3900} INFO - 1 downstream tasks scheduled from follow-on schedule check
[2025-11-05T00:05:54.932+0000] {local_task_job_runner.py:245} INFO - ::endgroup::
[2025-11-05T20:11:46.334+0000] {local_task_job_runner.py:123} INFO - ::group::Pre task execution logs
[2025-11-05T20:11:46.341+0000] {taskinstance.py:2612} INFO - Dependencies all met for dep_context=non-requeueable deps ti=<TaskInstance: retail_pipeline_dag.merge_datasets scheduled__2025-11-04T00:00:00+00:00 [queued]>
[2025-11-05T20:11:46.344+0000] {taskinstance.py:2612} INFO - Dependencies all met for dep_context=requeueable deps ti=<TaskInstance: retail_pipeline_dag.merge_datasets scheduled__2025-11-04T00:00:00+00:00 [queued]>
[2025-11-05T20:11:46.344+0000] {taskinstance.py:2865} INFO - Starting attempt 1 of 2
[2025-11-05T20:11:46.349+0000] {taskinstance.py:2888} INFO - Executing <Task(PythonOperator): merge_datasets> on 2025-11-04 00:00:00+00:00
[2025-11-05T20:11:46.352+0000] {standard_task_runner.py:72} INFO - Started process 78 to run task
[2025-11-05T20:11:46.354+0000] {standard_task_runner.py:104} INFO - Running: ['***', 'tasks', 'run', 'retail_pipeline_dag', 'merge_datasets', 'scheduled__2025-11-04T00:00:00+00:00', '--job-id', '6', '--raw', '--subdir', 'DAGS_FOLDER/retail_pipeline_dag.py', '--cfg-path', '/tmp/tmpo3z4qdo7']
[2025-11-05T20:11:46.357+0000] {standard_task_runner.py:105} INFO - Job 6: Subtask merge_datasets
[2025-11-05T20:11:46.374+0000] {task_command.py:467} INFO - Running <TaskInstance: retail_pipeline_dag.merge_datasets scheduled__2025-11-04T00:00:00+00:00 [running]> on host 6b9d0d4ae17d
[2025-11-05T20:11:46.398+0000] {taskinstance.py:3131} INFO - Exporting env vars: AIRFLOW_CTX_DAG_OWNER='shambhavi' AIRFLOW_CTX_DAG_ID='retail_pipeline_dag' AIRFLOW_CTX_TASK_ID='merge_datasets' AIRFLOW_CTX_EXECUTION_DATE='2025-11-04T00:00:00+00:00' AIRFLOW_CTX_TRY_NUMBER='1' AIRFLOW_CTX_DAG_RUN_ID='scheduled__2025-11-04T00:00:00+00:00'
[2025-11-05T20:11:46.398+0000] {taskinstance.py:731} INFO - ::endgroup::
[2025-11-05T20:11:46.805+0000] {python.py:240} INFO - Done. Returned value was: None
[2025-11-05T20:11:46.809+0000] {taskinstance.py:340} INFO - ::group::Post task execution logs
[2025-11-05T20:11:46.810+0000] {taskinstance.py:352} INFO - Marking task as SUCCESS. dag_id=retail_pipeline_dag, task_id=merge_datasets, run_id=scheduled__2025-11-04T00:00:00+00:00, execution_date=20251104T000000, start_date=20251105T201146, end_date=20251105T201146
[2025-11-05T20:11:46.825+0000] {local_task_job_runner.py:266} INFO - Task exited with return code 0
[2025-11-05T20:11:46.836+0000] {taskinstance.py:3900} INFO - 1 downstream tasks scheduled from follow-on schedule check
[2025-11-05T20:11:46.836+0000] {local_task_job_runner.py:245} INFO - ::endgroup::
