[2025-11-06T03:07:12.497+0000] {taskinstance.py:1157} INFO - Dependencies all met for dep_context=non-requeueable deps ti=<TaskInstance: retail_pipeline_dag.load_to_postgres manual__2025-11-06T03:04:03.988161+00:00 [queued]>
[2025-11-06T03:07:12.499+0000] {taskinstance.py:1157} INFO - Dependencies all met for dep_context=requeueable deps ti=<TaskInstance: retail_pipeline_dag.load_to_postgres manual__2025-11-06T03:04:03.988161+00:00 [queued]>
[2025-11-06T03:07:12.499+0000] {taskinstance.py:1359} INFO - Starting attempt 2 of 3
[2025-11-06T03:07:12.503+0000] {taskinstance.py:1380} INFO - Executing <Task(PythonOperator): load_to_postgres> on 2025-11-06 03:04:03.988161+00:00
[2025-11-06T03:07:12.505+0000] {standard_task_runner.py:57} INFO - Started process 104 to run task
[2025-11-06T03:07:12.507+0000] {standard_task_runner.py:84} INFO - Running: ['***', 'tasks', 'run', 'retail_pipeline_dag', 'load_to_postgres', 'manual__2025-11-06T03:04:03.988161+00:00', '--job-id', '17', '--raw', '--subdir', 'DAGS_FOLDER/retail_pipeline_dag.py', '--cfg-path', '/tmp/tmp5hi75s5o']
[2025-11-06T03:07:12.508+0000] {standard_task_runner.py:85} INFO - Job 17: Subtask load_to_postgres
[2025-11-06T03:07:12.523+0000] {task_command.py:415} INFO - Running <TaskInstance: retail_pipeline_dag.load_to_postgres manual__2025-11-06T03:04:03.988161+00:00 [running]> on host 58acfe3d4e79
[2025-11-06T03:07:12.543+0000] {taskinstance.py:1660} INFO - Exporting env vars: AIRFLOW_CTX_DAG_OWNER='shambhavi' AIRFLOW_CTX_DAG_ID='retail_pipeline_dag' AIRFLOW_CTX_TASK_ID='load_to_postgres' AIRFLOW_CTX_EXECUTION_DATE='2025-11-06T03:04:03.988161+00:00' AIRFLOW_CTX_TRY_NUMBER='2' AIRFLOW_CTX_DAG_RUN_ID='manual__2025-11-06T03:04:03.988161+00:00'
[2025-11-06T03:07:12.547+0000] {base.py:73} INFO - Using connection ID 'local_postgres' for task execution.
[2025-11-06T03:07:12.548+0000] {taskinstance.py:1935} ERROR - Task failed with exception
Traceback (most recent call last):
  File "/home/airflow/.local/lib/python3.8/site-packages/airflow/operators/python.py", line 192, in execute
    return_value = self.execute_callable()
  File "/home/airflow/.local/lib/python3.8/site-packages/airflow/operators/python.py", line 209, in execute_callable
    return self.python_callable(*self.op_args, **self.op_kwargs)
  File "/opt/airflow/dags/retail_pipeline_dag.py", line 84, in load_to_postgres
    df = pd.read_csv(os.path.join(PROCESSED_DIR, "customer_product_stats.csv"))
  File "/home/airflow/.local/lib/python3.8/site-packages/pandas/io/parsers/readers.py", line 912, in read_csv
    return _read(filepath_or_buffer, kwds)
  File "/home/airflow/.local/lib/python3.8/site-packages/pandas/io/parsers/readers.py", line 577, in _read
    parser = TextFileReader(filepath_or_buffer, **kwds)
  File "/home/airflow/.local/lib/python3.8/site-packages/pandas/io/parsers/readers.py", line 1407, in __init__
    self._engine = self._make_engine(f, self.engine)
  File "/home/airflow/.local/lib/python3.8/site-packages/pandas/io/parsers/readers.py", line 1661, in _make_engine
    self.handles = get_handle(
  File "/home/airflow/.local/lib/python3.8/site-packages/pandas/io/common.py", line 859, in get_handle
    handle = open(
FileNotFoundError: [Errno 2] No such file or directory: '/opt/airflow/data/processed/customer_product_stats.csv'
[2025-11-06T03:07:12.551+0000] {taskinstance.py:1398} INFO - Marking task as UP_FOR_RETRY. dag_id=retail_pipeline_dag, task_id=load_to_postgres, execution_date=20251106T030403, start_date=20251106T030712, end_date=20251106T030712
[2025-11-06T03:07:12.554+0000] {standard_task_runner.py:104} ERROR - Failed to execute job 17 for task load_to_postgres ([Errno 2] No such file or directory: '/opt/airflow/data/processed/customer_product_stats.csv'; 104)
[2025-11-06T03:07:12.562+0000] {local_task_job_runner.py:228} INFO - Task exited with return code 1
[2025-11-06T03:07:12.570+0000] {taskinstance.py:2776} INFO - 0 downstream tasks scheduled from follow-on schedule check
