[2025-11-06T03:04:07.801+0000] {taskinstance.py:1157} INFO - Dependencies all met for dep_context=non-requeueable deps ti=<TaskInstance: retail_pipeline_dag.load_to_postgres manual__2025-11-06T03:03:32+00:00 [queued]>
[2025-11-06T03:04:07.806+0000] {taskinstance.py:1157} INFO - Dependencies all met for dep_context=requeueable deps ti=<TaskInstance: retail_pipeline_dag.load_to_postgres manual__2025-11-06T03:03:32+00:00 [queued]>
[2025-11-06T03:04:07.806+0000] {taskinstance.py:1359} INFO - Starting attempt 1 of 2
[2025-11-06T03:04:07.811+0000] {taskinstance.py:1380} INFO - Executing <Task(PythonOperator): load_to_postgres> on 2025-11-06 03:03:32+00:00
[2025-11-06T03:04:07.814+0000] {standard_task_runner.py:57} INFO - Started process 99 to run task
[2025-11-06T03:04:07.816+0000] {standard_task_runner.py:84} INFO - Running: ['***', 'tasks', 'run', 'retail_pipeline_dag', 'load_to_postgres', 'manual__2025-11-06T03:03:32+00:00', '--job-id', '14', '--raw', '--subdir', 'DAGS_FOLDER/retail_pipeline_dag.py', '--cfg-path', '/tmp/tmpgn0qiyl_']
[2025-11-06T03:04:07.818+0000] {standard_task_runner.py:85} INFO - Job 14: Subtask load_to_postgres
[2025-11-06T03:04:07.836+0000] {task_command.py:415} INFO - Running <TaskInstance: retail_pipeline_dag.load_to_postgres manual__2025-11-06T03:03:32+00:00 [running]> on host 58acfe3d4e79
[2025-11-06T03:04:07.862+0000] {taskinstance.py:1660} INFO - Exporting env vars: AIRFLOW_CTX_DAG_OWNER='shambhavi' AIRFLOW_CTX_DAG_ID='retail_pipeline_dag' AIRFLOW_CTX_TASK_ID='load_to_postgres' AIRFLOW_CTX_EXECUTION_DATE='2025-11-06T03:03:32+00:00' AIRFLOW_CTX_TRY_NUMBER='1' AIRFLOW_CTX_DAG_RUN_ID='manual__2025-11-06T03:03:32+00:00'
[2025-11-06T03:04:07.869+0000] {taskinstance.py:1935} ERROR - Task failed with exception
Traceback (most recent call last):
  File "/home/airflow/.local/lib/python3.8/site-packages/airflow/operators/python.py", line 192, in execute
    return_value = self.execute_callable()
  File "/home/airflow/.local/lib/python3.8/site-packages/airflow/operators/python.py", line 209, in execute_callable
    return self.python_callable(*self.op_args, **self.op_kwargs)
  File "/opt/airflow/dags/retail_pipeline_dag.py", line 83, in load_to_postgres
    engine = hook.get_sqlalchemy_engine()
  File "/home/airflow/.local/lib/python3.8/site-packages/airflow/providers/common/sql/hooks/sql.py", line 199, in get_sqlalchemy_engine
    return create_engine(self.get_uri(), **engine_kwargs)
  File "/home/airflow/.local/lib/python3.8/site-packages/airflow/providers/postgres/hooks/postgres.py", line 185, in get_uri
    conn = self.get_connection(getattr(self, self.conn_name_attr))
  File "/home/airflow/.local/lib/python3.8/site-packages/airflow/hooks/base.py", line 72, in get_connection
    conn = Connection.get_connection_from_secrets(conn_id)
  File "/home/airflow/.local/lib/python3.8/site-packages/airflow/models/connection.py", line 477, in get_connection_from_secrets
    raise AirflowNotFoundException(f"The conn_id `{conn_id}` isn't defined")
airflow.exceptions.AirflowNotFoundException: The conn_id `local_postgres` isn't defined
[2025-11-06T03:04:07.870+0000] {taskinstance.py:1398} INFO - Marking task as UP_FOR_RETRY. dag_id=retail_pipeline_dag, task_id=load_to_postgres, execution_date=20251106T030332, start_date=20251106T030407, end_date=20251106T030407
[2025-11-06T03:04:07.874+0000] {standard_task_runner.py:104} ERROR - Failed to execute job 14 for task load_to_postgres (The conn_id `local_postgres` isn't defined; 99)
[2025-11-06T03:04:07.914+0000] {local_task_job_runner.py:228} INFO - Task exited with return code 1
[2025-11-06T03:04:07.924+0000] {taskinstance.py:2776} INFO - 0 downstream tasks scheduled from follow-on schedule check
