[2025-11-06T01:38:13.244+0000] {manager.py:469} INFO - Processing files using up to 2 processes at a time 
[2025-11-06T01:38:13.245+0000] {manager.py:470} INFO - Process each file at most once every 30 seconds
[2025-11-06T01:38:13.245+0000] {manager.py:471} INFO - Checking for new files in /opt/airflow/dags every 300 seconds
[2025-11-06T01:38:13.245+0000] {manager.py:738} INFO - Searching for files in /opt/airflow/dags
[2025-11-06T01:38:13.247+0000] {manager.py:741} INFO - There are 1 files in /opt/airflow/dags
[2025-11-06T01:38:13.280+0000] {manager.py:879} INFO - 
================================================================================
DAG File Processing Stats

File Path                                   PID  Runtime      # DAGs    # Errors  Last Runtime    Last Run
----------------------------------------  -----  ---------  --------  ----------  --------------  ----------
/opt/airflow/dags/retail_pipeline_dag.py     35  0.02s             0           0
================================================================================
[2025-11-06T01:38:43.460+0000] {manager.py:879} INFO - 
================================================================================
DAG File Processing Stats

File Path                                 PID    Runtime      # DAGs    # Errors  Last Runtime    Last Run
----------------------------------------  -----  ---------  --------  ----------  --------------  -------------------
/opt/airflow/dags/retail_pipeline_dag.py                           0           1  0.75s           2025-11-06T01:38:14
================================================================================
[2025-11-06T01:38:59.734+0000] {manager.py:451} INFO - Exiting gracefully upon receiving signal 15
[2025-11-06T01:39:18.899+0000] {manager.py:469} INFO - Processing files using up to 2 processes at a time 
[2025-11-06T01:39:18.899+0000] {manager.py:470} INFO - Process each file at most once every 30 seconds
[2025-11-06T01:39:18.899+0000] {manager.py:471} INFO - Checking for new files in /opt/airflow/dags every 300 seconds
[2025-11-06T01:39:18.900+0000] {manager.py:738} INFO - Searching for files in /opt/airflow/dags
[2025-11-06T01:39:18.903+0000] {manager.py:741} INFO - There are 1 files in /opt/airflow/dags
[2025-11-06T01:39:18.939+0000] {manager.py:879} INFO - 
================================================================================
DAG File Processing Stats

File Path                                   PID  Runtime      # DAGs    # Errors  Last Runtime    Last Run
----------------------------------------  -----  ---------  --------  ----------  --------------  ----------
/opt/airflow/dags/retail_pipeline_dag.py     35  0.02s             0           0
================================================================================
[2025-11-06T01:39:49.114+0000] {manager.py:879} INFO - 
================================================================================
DAG File Processing Stats

File Path                                 PID    Runtime      # DAGs    # Errors  Last Runtime    Last Run
----------------------------------------  -----  ---------  --------  ----------  --------------  -------------------
/opt/airflow/dags/retail_pipeline_dag.py                           0           1  0.81s           2025-11-06T01:39:19
================================================================================
[2025-11-06T01:40:19.159+0000] {manager.py:879} INFO - 
================================================================================
DAG File Processing Stats

File Path                                 PID    Runtime      # DAGs    # Errors  Last Runtime    Last Run
----------------------------------------  -----  ---------  --------  ----------  --------------  -------------------
/opt/airflow/dags/retail_pipeline_dag.py                           0           1  0.14s           2025-11-06T01:39:50
================================================================================
[2025-11-06T01:40:49.460+0000] {manager.py:879} INFO - 
================================================================================
DAG File Processing Stats

File Path                                 PID    Runtime      # DAGs    # Errors  Last Runtime    Last Run
----------------------------------------  -----  ---------  --------  ----------  --------------  -------------------
/opt/airflow/dags/retail_pipeline_dag.py                           0           1  0.13s           2025-11-06T01:40:20
================================================================================
[2025-11-06T01:41:11.015+0000] {manager.py:451} INFO - Exiting gracefully upon receiving signal 15
[2025-11-06T01:41:42.693+0000] {manager.py:469} INFO - Processing files using up to 2 processes at a time 
[2025-11-06T01:41:42.693+0000] {manager.py:470} INFO - Process each file at most once every 30 seconds
[2025-11-06T01:41:42.693+0000] {manager.py:471} INFO - Checking for new files in /opt/airflow/dags every 300 seconds
[2025-11-06T01:41:42.693+0000] {manager.py:738} INFO - Searching for files in /opt/airflow/dags
[2025-11-06T01:41:42.697+0000] {manager.py:741} INFO - There are 1 files in /opt/airflow/dags
[2025-11-06T01:41:42.731+0000] {manager.py:879} INFO - 
================================================================================
DAG File Processing Stats

File Path                                   PID  Runtime      # DAGs    # Errors  Last Runtime    Last Run
----------------------------------------  -----  ---------  --------  ----------  --------------  ----------
/opt/airflow/dags/retail_pipeline_dag.py     34  0.01s             0           0
================================================================================
[2025-11-06T01:42:12.887+0000] {manager.py:879} INFO - 
================================================================================
DAG File Processing Stats

File Path                                 PID    Runtime      # DAGs    # Errors  Last Runtime    Last Run
----------------------------------------  -----  ---------  --------  ----------  --------------  -------------------
/opt/airflow/dags/retail_pipeline_dag.py                           0           1  0.53s           2025-11-06T01:41:43
================================================================================
[2025-11-06T01:42:43.649+0000] {manager.py:879} INFO - 
================================================================================
DAG File Processing Stats

File Path                                   PID  Runtime      # DAGs    # Errors  Last Runtime    Last Run
----------------------------------------  -----  ---------  --------  ----------  --------------  -------------------
/opt/airflow/dags/retail_pipeline_dag.py     86  0.01s             0           1  0.17s           2025-11-06T01:42:13
================================================================================
[2025-11-06T01:43:13.996+0000] {manager.py:879} INFO - 
================================================================================
DAG File Processing Stats

File Path                                   PID  Runtime      # DAGs    # Errors  Last Runtime    Last Run
----------------------------------------  -----  ---------  --------  ----------  --------------  -------------------
/opt/airflow/dags/retail_pipeline_dag.py    112  0.00s             0           1  0.16s           2025-11-06T01:42:43
================================================================================
[2025-11-06T01:43:44.188+0000] {manager.py:879} INFO - 
================================================================================
DAG File Processing Stats

File Path                                   PID  Runtime      # DAGs    # Errors  Last Runtime    Last Run
----------------------------------------  -----  ---------  --------  ----------  --------------  -------------------
/opt/airflow/dags/retail_pipeline_dag.py    130  0.00s             0           1  0.13s           2025-11-06T01:43:14
================================================================================
[2025-11-06T01:43:46.364+0000] {manager.py:451} INFO - Exiting gracefully upon receiving signal 15
[2025-11-06T01:44:49.690+0000] {manager.py:469} INFO - Processing files using up to 2 processes at a time 
[2025-11-06T01:44:49.691+0000] {manager.py:470} INFO - Process each file at most once every 30 seconds
[2025-11-06T01:44:49.691+0000] {manager.py:471} INFO - Checking for new files in /opt/airflow/dags every 300 seconds
[2025-11-06T01:44:49.691+0000] {manager.py:738} INFO - Searching for files in /opt/airflow/dags
[2025-11-06T01:44:49.694+0000] {manager.py:741} INFO - There are 1 files in /opt/airflow/dags
[2025-11-06T01:44:49.726+0000] {manager.py:879} INFO - 
================================================================================
DAG File Processing Stats

File Path                                   PID  Runtime      # DAGs    # Errors  Last Runtime    Last Run
----------------------------------------  -----  ---------  --------  ----------  --------------  ----------
/opt/airflow/dags/retail_pipeline_dag.py     35  0.01s             0           0
================================================================================
[2025-11-06T01:45:19.874+0000] {manager.py:879} INFO - 
================================================================================
DAG File Processing Stats

File Path                                 PID    Runtime      # DAGs    # Errors  Last Runtime    Last Run
----------------------------------------  -----  ---------  --------  ----------  --------------  -------------------
/opt/airflow/dags/retail_pipeline_dag.py                           0           1  0.72s           2025-11-06T01:44:50
================================================================================
[2025-11-06T01:45:49.903+0000] {manager.py:879} INFO - 
================================================================================
DAG File Processing Stats

File Path                                 PID    Runtime      # DAGs    # Errors  Last Runtime    Last Run
----------------------------------------  -----  ---------  --------  ----------  --------------  -------------------
/opt/airflow/dags/retail_pipeline_dag.py                           0           1  0.12s           2025-11-06T01:45:20
================================================================================
[2025-11-06T01:46:20.076+0000] {manager.py:879} INFO - 
================================================================================
DAG File Processing Stats

File Path                                 PID    Runtime      # DAGs    # Errors  Last Runtime    Last Run
----------------------------------------  -----  ---------  --------  ----------  --------------  -------------------
/opt/airflow/dags/retail_pipeline_dag.py                           0           1  0.15s           2025-11-06T01:45:50
================================================================================
[2025-11-06T01:46:50.305+0000] {manager.py:879} INFO - 
================================================================================
DAG File Processing Stats

File Path                                 PID    Runtime      # DAGs    # Errors  Last Runtime    Last Run
----------------------------------------  -----  ---------  --------  ----------  --------------  -------------------
/opt/airflow/dags/retail_pipeline_dag.py                           0           1  0.10s           2025-11-06T01:46:21
================================================================================
[2025-11-06T01:47:20.562+0000] {manager.py:879} INFO - 
================================================================================
DAG File Processing Stats

File Path                                 PID    Runtime      # DAGs    # Errors  Last Runtime    Last Run
----------------------------------------  -----  ---------  --------  ----------  --------------  -------------------
/opt/airflow/dags/retail_pipeline_dag.py                           0           1  0.13s           2025-11-06T01:46:51
================================================================================
[2025-11-06T01:47:50.846+0000] {manager.py:879} INFO - 
================================================================================
DAG File Processing Stats

File Path                                 PID    Runtime      # DAGs    # Errors  Last Runtime    Last Run
----------------------------------------  -----  ---------  --------  ----------  --------------  -------------------
/opt/airflow/dags/retail_pipeline_dag.py                           0           1  0.14s           2025-11-06T01:47:21
================================================================================
[2025-11-06T01:48:21.105+0000] {manager.py:879} INFO - 
================================================================================
DAG File Processing Stats

File Path                                 PID    Runtime      # DAGs    # Errors  Last Runtime    Last Run
----------------------------------------  -----  ---------  --------  ----------  --------------  -------------------
/opt/airflow/dags/retail_pipeline_dag.py                           0           1  0.12s           2025-11-06T01:47:51
================================================================================
[2025-11-06T01:48:46.070+0000] {manager.py:451} INFO - Exiting gracefully upon receiving signal 15
[2025-11-06T01:49:55.853+0000] {manager.py:469} INFO - Processing files using up to 2 processes at a time 
[2025-11-06T01:49:55.855+0000] {manager.py:470} INFO - Process each file at most once every 30 seconds
[2025-11-06T01:49:55.857+0000] {manager.py:471} INFO - Checking for new files in /opt/airflow/dags every 300 seconds
[2025-11-06T01:49:55.860+0000] {manager.py:738} INFO - Searching for files in /opt/airflow/dags
[2025-11-06T01:49:55.878+0000] {manager.py:741} INFO - There are 1 files in /opt/airflow/dags
[2025-11-06T01:49:55.935+0000] {manager.py:879} INFO - 
================================================================================
DAG File Processing Stats

File Path                                   PID  Runtime      # DAGs    # Errors  Last Runtime    Last Run
----------------------------------------  -----  ---------  --------  ----------  --------------  ----------
/opt/airflow/dags/retail_pipeline_dag.py     35  0.03s             0           0
================================================================================
[2025-11-06T01:50:26.052+0000] {manager.py:879} INFO - 
================================================================================
DAG File Processing Stats

File Path                                 PID    Runtime      # DAGs    # Errors  Last Runtime    Last Run
----------------------------------------  -----  ---------  --------  ----------  --------------  -------------------
/opt/airflow/dags/retail_pipeline_dag.py                           0           1  0.72s           2025-11-06T01:49:56
================================================================================
[2025-11-06T01:50:56.066+0000] {manager.py:879} INFO - 
================================================================================
DAG File Processing Stats

File Path                                 PID    Runtime      # DAGs    # Errors  Last Runtime    Last Run
----------------------------------------  -----  ---------  --------  ----------  --------------  -------------------
/opt/airflow/dags/retail_pipeline_dag.py                           0           1  0.13s           2025-11-06T01:50:26
================================================================================
[2025-11-06T01:51:26.298+0000] {manager.py:879} INFO - 
================================================================================
DAG File Processing Stats

File Path                                 PID    Runtime      # DAGs    # Errors  Last Runtime    Last Run
----------------------------------------  -----  ---------  --------  ----------  --------------  -------------------
/opt/airflow/dags/retail_pipeline_dag.py                           0           1  0.13s           2025-11-06T01:50:57
================================================================================
[2025-11-06T01:51:56.574+0000] {manager.py:879} INFO - 
================================================================================
DAG File Processing Stats

File Path                                 PID    Runtime      # DAGs    # Errors  Last Runtime    Last Run
----------------------------------------  -----  ---------  --------  ----------  --------------  -------------------
/opt/airflow/dags/retail_pipeline_dag.py                           0           1  0.14s           2025-11-06T01:51:27
================================================================================
[2025-11-06T01:52:26.803+0000] {manager.py:879} INFO - 
================================================================================
DAG File Processing Stats

File Path                                 PID    Runtime      # DAGs    # Errors  Last Runtime    Last Run
----------------------------------------  -----  ---------  --------  ----------  --------------  -------------------
/opt/airflow/dags/retail_pipeline_dag.py                           0           1  0.15s           2025-11-06T01:51:57
================================================================================
[2025-11-06T01:52:46.727+0000] {manager.py:451} INFO - Exiting gracefully upon receiving signal 15
[2025-11-06T01:53:59.708+0000] {manager.py:469} INFO - Processing files using up to 2 processes at a time 
[2025-11-06T01:53:59.708+0000] {manager.py:470} INFO - Process each file at most once every 30 seconds
[2025-11-06T01:53:59.708+0000] {manager.py:471} INFO - Checking for new files in /opt/airflow/dags every 300 seconds
[2025-11-06T01:53:59.708+0000] {manager.py:738} INFO - Searching for files in /opt/airflow/dags
[2025-11-06T01:53:59.712+0000] {manager.py:741} INFO - There are 1 files in /opt/airflow/dags
[2025-11-06T01:53:59.753+0000] {manager.py:879} INFO - 
================================================================================
DAG File Processing Stats

File Path                                   PID  Runtime      # DAGs    # Errors  Last Runtime    Last Run
----------------------------------------  -----  ---------  --------  ----------  --------------  ----------
/opt/airflow/dags/retail_pipeline_dag.py     35  0.02s             0           0
================================================================================
[2025-11-06T01:54:29.784+0000] {manager.py:879} INFO - 
================================================================================
DAG File Processing Stats

File Path                                 PID    Runtime      # DAGs    # Errors  Last Runtime    Last Run
----------------------------------------  -----  ---------  --------  ----------  --------------  -------------------
/opt/airflow/dags/retail_pipeline_dag.py                           0           1  0.81s           2025-11-06T01:54:00
================================================================================
[2025-11-06T01:55:00.111+0000] {manager.py:879} INFO - 
================================================================================
DAG File Processing Stats

File Path                                 PID    Runtime      # DAGs    # Errors  Last Runtime    Last Run
----------------------------------------  -----  ---------  --------  ----------  --------------  -------------------
/opt/airflow/dags/retail_pipeline_dag.py                           0           1  0.19s           2025-11-06T01:54:30
================================================================================
[2025-11-06T01:55:30.333+0000] {manager.py:879} INFO - 
================================================================================
DAG File Processing Stats

File Path                                 PID    Runtime      # DAGs    # Errors  Last Runtime    Last Run
----------------------------------------  -----  ---------  --------  ----------  --------------  -------------------
/opt/airflow/dags/retail_pipeline_dag.py                           0           1  0.15s           2025-11-06T01:55:01
================================================================================
[2025-11-06T01:56:00.615+0000] {manager.py:879} INFO - 
================================================================================
DAG File Processing Stats

File Path                                 PID    Runtime      # DAGs    # Errors  Last Runtime    Last Run
----------------------------------------  -----  ---------  --------  ----------  --------------  -------------------
/opt/airflow/dags/retail_pipeline_dag.py                           0           1  0.15s           2025-11-06T01:55:31
================================================================================
[2025-11-06T01:56:30.849+0000] {manager.py:879} INFO - 
================================================================================
DAG File Processing Stats

File Path                                 PID    Runtime      # DAGs    # Errors  Last Runtime    Last Run
----------------------------------------  -----  ---------  --------  ----------  --------------  -------------------
/opt/airflow/dags/retail_pipeline_dag.py                           0           1  0.15s           2025-11-06T01:56:01
================================================================================
[2025-11-06T01:57:01.163+0000] {manager.py:879} INFO - 
================================================================================
DAG File Processing Stats

File Path                                 PID    Runtime      # DAGs    # Errors  Last Runtime    Last Run
----------------------------------------  -----  ---------  --------  ----------  --------------  -------------------
/opt/airflow/dags/retail_pipeline_dag.py                           0           1  0.12s           2025-11-06T01:56:31
================================================================================
[2025-11-06T01:57:31.408+0000] {manager.py:879} INFO - 
================================================================================
DAG File Processing Stats

File Path                                 PID    Runtime      # DAGs    # Errors  Last Runtime    Last Run
----------------------------------------  -----  ---------  --------  ----------  --------------  -------------------
/opt/airflow/dags/retail_pipeline_dag.py                           0           1  0.15s           2025-11-06T01:57:02
================================================================================
[2025-11-06T01:58:01.689+0000] {manager.py:879} INFO - 
================================================================================
DAG File Processing Stats

File Path                                 PID    Runtime      # DAGs    # Errors  Last Runtime    Last Run
----------------------------------------  -----  ---------  --------  ----------  --------------  -------------------
/opt/airflow/dags/retail_pipeline_dag.py                           0           1  0.15s           2025-11-06T01:57:32
================================================================================
[2025-11-06T01:58:31.945+0000] {manager.py:879} INFO - 
================================================================================
DAG File Processing Stats

File Path                                 PID    Runtime      # DAGs    # Errors  Last Runtime    Last Run
----------------------------------------  -----  ---------  --------  ----------  --------------  -------------------
/opt/airflow/dags/retail_pipeline_dag.py                           0           1  0.14s           2025-11-06T01:58:02
================================================================================
[2025-11-06T01:59:00.150+0000] {manager.py:738} INFO - Searching for files in /opt/airflow/dags
[2025-11-06T01:59:00.157+0000] {manager.py:741} INFO - There are 1 files in /opt/airflow/dags
[2025-11-06T01:59:02.189+0000] {manager.py:879} INFO - 
================================================================================
DAG File Processing Stats

File Path                                 PID    Runtime      # DAGs    # Errors  Last Runtime    Last Run
----------------------------------------  -----  ---------  --------  ----------  --------------  -------------------
/opt/airflow/dags/retail_pipeline_dag.py                           0           1  0.13s           2025-11-06T01:58:33
================================================================================
[2025-11-06T01:59:32.482+0000] {manager.py:879} INFO - 
================================================================================
DAG File Processing Stats

File Path                                 PID    Runtime      # DAGs    # Errors  Last Runtime    Last Run
----------------------------------------  -----  ---------  --------  ----------  --------------  -------------------
/opt/airflow/dags/retail_pipeline_dag.py                           0           1  0.13s           2025-11-06T01:59:03
================================================================================
[2025-11-06T02:00:02.744+0000] {manager.py:879} INFO - 
================================================================================
DAG File Processing Stats

File Path                                 PID    Runtime      # DAGs    # Errors  Last Runtime    Last Run
----------------------------------------  -----  ---------  --------  ----------  --------------  -------------------
/opt/airflow/dags/retail_pipeline_dag.py                           0           1  0.14s           2025-11-06T01:59:33
================================================================================
[2025-11-06T02:00:33.092+0000] {manager.py:879} INFO - 
================================================================================
DAG File Processing Stats

File Path                                 PID    Runtime      # DAGs    # Errors  Last Runtime    Last Run
----------------------------------------  -----  ---------  --------  ----------  --------------  -------------------
/opt/airflow/dags/retail_pipeline_dag.py                           0           1  0.13s           2025-11-06T02:00:03
================================================================================
[2025-11-06T02:01:03.348+0000] {manager.py:879} INFO - 
================================================================================
DAG File Processing Stats

File Path                                 PID    Runtime      # DAGs    # Errors  Last Runtime    Last Run
----------------------------------------  -----  ---------  --------  ----------  --------------  -------------------
/opt/airflow/dags/retail_pipeline_dag.py                           0           1  0.13s           2025-11-06T02:00:34
================================================================================
[2025-11-06T02:01:33.680+0000] {manager.py:879} INFO - 
================================================================================
DAG File Processing Stats

File Path                                 PID    Runtime      # DAGs    # Errors  Last Runtime    Last Run
----------------------------------------  -----  ---------  --------  ----------  --------------  -------------------
/opt/airflow/dags/retail_pipeline_dag.py                           0           1  0.13s           2025-11-06T02:01:04
================================================================================
[2025-11-06T02:02:03.955+0000] {manager.py:879} INFO - 
================================================================================
DAG File Processing Stats

File Path                                 PID    Runtime      # DAGs    # Errors  Last Runtime    Last Run
----------------------------------------  -----  ---------  --------  ----------  --------------  -------------------
/opt/airflow/dags/retail_pipeline_dag.py                           0           1  0.11s           2025-11-06T02:01:34
================================================================================
[2025-11-06T02:02:34.221+0000] {manager.py:879} INFO - 
================================================================================
DAG File Processing Stats

File Path                                 PID    Runtime      # DAGs    # Errors  Last Runtime    Last Run
----------------------------------------  -----  ---------  --------  ----------  --------------  -------------------
/opt/airflow/dags/retail_pipeline_dag.py                           0           1  0.13s           2025-11-06T02:02:05
================================================================================
[2025-11-06T02:03:04.469+0000] {manager.py:879} INFO - 
================================================================================
DAG File Processing Stats

File Path                                 PID    Runtime      # DAGs    # Errors  Last Runtime    Last Run
----------------------------------------  -----  ---------  --------  ----------  --------------  -------------------
/opt/airflow/dags/retail_pipeline_dag.py                           0           1  0.13s           2025-11-06T02:02:35
================================================================================
[2025-11-06T02:03:34.819+0000] {manager.py:879} INFO - 
================================================================================
DAG File Processing Stats

File Path                                 PID    Runtime      # DAGs    # Errors  Last Runtime    Last Run
----------------------------------------  -----  ---------  --------  ----------  --------------  -------------------
/opt/airflow/dags/retail_pipeline_dag.py                           0           1  0.11s           2025-11-06T02:03:05
================================================================================
[2025-11-06T02:04:01.015+0000] {manager.py:738} INFO - Searching for files in /opt/airflow/dags
[2025-11-06T02:04:01.017+0000] {manager.py:741} INFO - There are 1 files in /opt/airflow/dags
[2025-11-06T02:04:05.056+0000] {manager.py:879} INFO - 
================================================================================
DAG File Processing Stats

File Path                                 PID    Runtime      # DAGs    # Errors  Last Runtime    Last Run
----------------------------------------  -----  ---------  --------  ----------  --------------  -------------------
/opt/airflow/dags/retail_pipeline_dag.py                           0           1  0.14s           2025-11-06T02:03:35
================================================================================
[2025-11-06T02:04:35.352+0000] {manager.py:879} INFO - 
================================================================================
DAG File Processing Stats

File Path                                 PID    Runtime      # DAGs    # Errors  Last Runtime    Last Run
----------------------------------------  -----  ---------  --------  ----------  --------------  -------------------
/opt/airflow/dags/retail_pipeline_dag.py                           0           1  0.14s           2025-11-06T02:04:06
================================================================================
[2025-11-06T02:05:05.580+0000] {manager.py:879} INFO - 
================================================================================
DAG File Processing Stats

File Path                                 PID    Runtime      # DAGs    # Errors  Last Runtime    Last Run
----------------------------------------  -----  ---------  --------  ----------  --------------  -------------------
/opt/airflow/dags/retail_pipeline_dag.py                           0           1  0.13s           2025-11-06T02:04:36
================================================================================
[2025-11-06T02:05:35.806+0000] {manager.py:879} INFO - 
================================================================================
DAG File Processing Stats

File Path                                 PID    Runtime      # DAGs    # Errors  Last Runtime    Last Run
----------------------------------------  -----  ---------  --------  ----------  --------------  -------------------
/opt/airflow/dags/retail_pipeline_dag.py                           0           1  0.11s           2025-11-06T02:05:06
================================================================================
[2025-11-06T02:06:06.134+0000] {manager.py:879} INFO - 
================================================================================
DAG File Processing Stats

File Path                                 PID    Runtime      # DAGs    # Errors  Last Runtime    Last Run
----------------------------------------  -----  ---------  --------  ----------  --------------  -------------------
/opt/airflow/dags/retail_pipeline_dag.py                           0           1  0.19s           2025-11-06T02:05:37
================================================================================
[2025-11-06T02:06:36.488+0000] {manager.py:879} INFO - 
================================================================================
DAG File Processing Stats

File Path                                 PID    Runtime      # DAGs    # Errors  Last Runtime    Last Run
----------------------------------------  -----  ---------  --------  ----------  --------------  -------------------
/opt/airflow/dags/retail_pipeline_dag.py                           0           1  0.11s           2025-11-06T02:06:07
================================================================================
[2025-11-06T02:07:06.751+0000] {manager.py:879} INFO - 
================================================================================
DAG File Processing Stats

File Path                                 PID    Runtime      # DAGs    # Errors  Last Runtime    Last Run
----------------------------------------  -----  ---------  --------  ----------  --------------  -------------------
/opt/airflow/dags/retail_pipeline_dag.py                           0           1  0.19s           2025-11-06T02:06:37
================================================================================
[2025-11-06T02:07:37.097+0000] {manager.py:879} INFO - 
================================================================================
DAG File Processing Stats

File Path                                 PID    Runtime      # DAGs    # Errors  Last Runtime    Last Run
----------------------------------------  -----  ---------  --------  ----------  --------------  -------------------
/opt/airflow/dags/retail_pipeline_dag.py                           0           1  0.18s           2025-11-06T02:07:07
================================================================================
[2025-11-06T02:08:07.355+0000] {manager.py:879} INFO - 
================================================================================
DAG File Processing Stats

File Path                                 PID    Runtime      # DAGs    # Errors  Last Runtime    Last Run
----------------------------------------  -----  ---------  --------  ----------  --------------  -------------------
/opt/airflow/dags/retail_pipeline_dag.py                           0           1  0.19s           2025-11-06T02:07:38
================================================================================
[2025-11-06T02:08:37.728+0000] {manager.py:879} INFO - 
================================================================================
DAG File Processing Stats

File Path                                 PID    Runtime      # DAGs    # Errors  Last Runtime    Last Run
----------------------------------------  -----  ---------  --------  ----------  --------------  -------------------
/opt/airflow/dags/retail_pipeline_dag.py                           0           1  0.17s           2025-11-06T02:08:08
================================================================================
[2025-11-06T02:09:01.080+0000] {manager.py:738} INFO - Searching for files in /opt/airflow/dags
[2025-11-06T02:09:01.085+0000] {manager.py:741} INFO - There are 1 files in /opt/airflow/dags
[2025-11-06T02:09:07.975+0000] {manager.py:879} INFO - 
================================================================================
DAG File Processing Stats

File Path                                 PID    Runtime      # DAGs    # Errors  Last Runtime    Last Run
----------------------------------------  -----  ---------  --------  ----------  --------------  -------------------
/opt/airflow/dags/retail_pipeline_dag.py                           0           1  0.20s           2025-11-06T02:08:38
================================================================================
[2025-11-06T02:09:38.369+0000] {manager.py:879} INFO - 
================================================================================
DAG File Processing Stats

File Path                                 PID    Runtime      # DAGs    # Errors  Last Runtime    Last Run
----------------------------------------  -----  ---------  --------  ----------  --------------  -------------------
/opt/airflow/dags/retail_pipeline_dag.py                           0           1  0.19s           2025-11-06T02:09:09
================================================================================
[2025-11-06T02:10:08.609+0000] {manager.py:879} INFO - 
================================================================================
DAG File Processing Stats

File Path                                 PID    Runtime      # DAGs    # Errors  Last Runtime    Last Run
----------------------------------------  -----  ---------  --------  ----------  --------------  -------------------
/opt/airflow/dags/retail_pipeline_dag.py                           0           1  0.18s           2025-11-06T02:09:39
================================================================================
[2025-11-06T02:10:39.013+0000] {manager.py:879} INFO - 
================================================================================
DAG File Processing Stats

File Path                                 PID    Runtime      # DAGs    # Errors  Last Runtime    Last Run
----------------------------------------  -----  ---------  --------  ----------  --------------  -------------------
/opt/airflow/dags/retail_pipeline_dag.py                           0           1  0.21s           2025-11-06T02:10:09
================================================================================
[2025-11-06T02:11:09.247+0000] {manager.py:879} INFO - 
================================================================================
DAG File Processing Stats

File Path                                 PID    Runtime      # DAGs    # Errors  Last Runtime    Last Run
----------------------------------------  -----  ---------  --------  ----------  --------------  -------------------
/opt/airflow/dags/retail_pipeline_dag.py                           0           1  0.19s           2025-11-06T02:10:40
================================================================================
[2025-11-06T02:11:39.637+0000] {manager.py:879} INFO - 
================================================================================
DAG File Processing Stats

File Path                                 PID    Runtime      # DAGs    # Errors  Last Runtime    Last Run
----------------------------------------  -----  ---------  --------  ----------  --------------  -------------------
/opt/airflow/dags/retail_pipeline_dag.py                           0           1  0.24s           2025-11-06T02:11:10
================================================================================
[2025-11-06T02:12:09.880+0000] {manager.py:879} INFO - 
================================================================================
DAG File Processing Stats

File Path                                 PID    Runtime      # DAGs    # Errors  Last Runtime    Last Run
----------------------------------------  -----  ---------  --------  ----------  --------------  -------------------
/opt/airflow/dags/retail_pipeline_dag.py                           0           1  0.18s           2025-11-06T02:11:40
================================================================================
[2025-11-06T02:12:40.328+0000] {manager.py:879} INFO - 
================================================================================
DAG File Processing Stats

File Path                                 PID    Runtime      # DAGs    # Errors  Last Runtime    Last Run
----------------------------------------  -----  ---------  --------  ----------  --------------  -------------------
/opt/airflow/dags/retail_pipeline_dag.py                           0           1  0.19s           2025-11-06T02:12:11
================================================================================
[2025-11-06T02:13:10.583+0000] {manager.py:879} INFO - 
================================================================================
DAG File Processing Stats

File Path                                 PID    Runtime      # DAGs    # Errors  Last Runtime    Last Run
----------------------------------------  -----  ---------  --------  ----------  --------------  -------------------
/opt/airflow/dags/retail_pipeline_dag.py                           0           1  0.18s           2025-11-06T02:12:41
================================================================================
[2025-11-06T02:13:40.964+0000] {manager.py:879} INFO - 
================================================================================
DAG File Processing Stats

File Path                                 PID    Runtime      # DAGs    # Errors  Last Runtime    Last Run
----------------------------------------  -----  ---------  --------  ----------  --------------  -------------------
/opt/airflow/dags/retail_pipeline_dag.py                           0           1  0.16s           2025-11-06T02:13:11
================================================================================
[2025-11-06T02:14:01.148+0000] {manager.py:738} INFO - Searching for files in /opt/airflow/dags
[2025-11-06T02:14:01.153+0000] {manager.py:741} INFO - There are 1 files in /opt/airflow/dags
[2025-11-06T02:14:11.234+0000] {manager.py:879} INFO - 
================================================================================
DAG File Processing Stats

File Path                                 PID    Runtime      # DAGs    # Errors  Last Runtime    Last Run
----------------------------------------  -----  ---------  --------  ----------  --------------  -------------------
/opt/airflow/dags/retail_pipeline_dag.py                           0           1  0.19s           2025-11-06T02:13:42
================================================================================
[2025-11-06T02:14:41.620+0000] {manager.py:879} INFO - 
================================================================================
DAG File Processing Stats

File Path                                 PID    Runtime      # DAGs    # Errors  Last Runtime    Last Run
----------------------------------------  -----  ---------  --------  ----------  --------------  -------------------
/opt/airflow/dags/retail_pipeline_dag.py                           0           1  0.19s           2025-11-06T02:14:12
================================================================================
[2025-11-06T02:15:11.872+0000] {manager.py:879} INFO - 
================================================================================
DAG File Processing Stats

File Path                                 PID    Runtime      # DAGs    # Errors  Last Runtime    Last Run
----------------------------------------  -----  ---------  --------  ----------  --------------  -------------------
/opt/airflow/dags/retail_pipeline_dag.py                           0           1  0.23s           2025-11-06T02:14:42
================================================================================
[2025-11-06T02:15:42.122+0000] {manager.py:879} INFO - 
================================================================================
DAG File Processing Stats

File Path                                 PID    Runtime      # DAGs    # Errors  Last Runtime    Last Run
----------------------------------------  -----  ---------  --------  ----------  --------------  -------------------
/opt/airflow/dags/retail_pipeline_dag.py                           0           1  0.19s           2025-11-06T02:15:13
================================================================================
[2025-11-06T02:16:12.405+0000] {manager.py:879} INFO - 
================================================================================
DAG File Processing Stats

File Path                                 PID    Runtime      # DAGs    # Errors  Last Runtime    Last Run
----------------------------------------  -----  ---------  --------  ----------  --------------  -------------------
/opt/airflow/dags/retail_pipeline_dag.py                           0           1  0.18s           2025-11-06T02:15:43
================================================================================
[2025-11-06T02:16:42.771+0000] {manager.py:879} INFO - 
================================================================================
DAG File Processing Stats

File Path                                 PID    Runtime      # DAGs    # Errors  Last Runtime    Last Run
----------------------------------------  -----  ---------  --------  ----------  --------------  -------------------
/opt/airflow/dags/retail_pipeline_dag.py                           0           1  0.18s           2025-11-06T02:16:13
================================================================================
[2025-11-06T02:17:13.073+0000] {manager.py:879} INFO - 
================================================================================
DAG File Processing Stats

File Path                                 PID    Runtime      # DAGs    # Errors  Last Runtime    Last Run
----------------------------------------  -----  ---------  --------  ----------  --------------  -------------------
/opt/airflow/dags/retail_pipeline_dag.py                           0           1  0.16s           2025-11-06T02:16:43
================================================================================
[2025-11-06T02:17:43.387+0000] {manager.py:879} INFO - 
================================================================================
DAG File Processing Stats

File Path                                 PID    Runtime      # DAGs    # Errors  Last Runtime    Last Run
----------------------------------------  -----  ---------  --------  ----------  --------------  -------------------
/opt/airflow/dags/retail_pipeline_dag.py                           0           1  0.19s           2025-11-06T02:17:14
================================================================================
[2025-11-06T02:18:13.641+0000] {manager.py:879} INFO - 
================================================================================
DAG File Processing Stats

File Path                                 PID    Runtime      # DAGs    # Errors  Last Runtime    Last Run
----------------------------------------  -----  ---------  --------  ----------  --------------  -------------------
/opt/airflow/dags/retail_pipeline_dag.py                           0           1  0.26s           2025-11-06T02:17:44
================================================================================
[2025-11-06T02:18:44.114+0000] {manager.py:879} INFO - 
================================================================================
DAG File Processing Stats

File Path                                 PID    Runtime      # DAGs    # Errors  Last Runtime    Last Run
----------------------------------------  -----  ---------  --------  ----------  --------------  -------------------
/opt/airflow/dags/retail_pipeline_dag.py                           0           1  0.19s           2025-11-06T02:18:15
================================================================================
[2025-11-06T02:19:01.270+0000] {manager.py:738} INFO - Searching for files in /opt/airflow/dags
[2025-11-06T02:19:01.275+0000] {manager.py:741} INFO - There are 1 files in /opt/airflow/dags
[2025-11-06T02:19:14.383+0000] {manager.py:879} INFO - 
================================================================================
DAG File Processing Stats

File Path                                 PID    Runtime      # DAGs    # Errors  Last Runtime    Last Run
----------------------------------------  -----  ---------  --------  ----------  --------------  -------------------
/opt/airflow/dags/retail_pipeline_dag.py                           0           1  0.18s           2025-11-06T02:18:45
================================================================================
[2025-11-06T02:19:44.704+0000] {manager.py:879} INFO - 
================================================================================
DAG File Processing Stats

File Path                                 PID    Runtime      # DAGs    # Errors  Last Runtime    Last Run
----------------------------------------  -----  ---------  --------  ----------  --------------  -------------------
/opt/airflow/dags/retail_pipeline_dag.py                           0           1  0.18s           2025-11-06T02:19:15
================================================================================
[2025-11-06T02:20:15.049+0000] {manager.py:879} INFO - 
================================================================================
DAG File Processing Stats

File Path                                 PID    Runtime      # DAGs    # Errors  Last Runtime    Last Run
----------------------------------------  -----  ---------  --------  ----------  --------------  -------------------
/opt/airflow/dags/retail_pipeline_dag.py                           0           1  0.19s           2025-11-06T02:19:45
================================================================================
[2025-11-06T02:20:45.343+0000] {manager.py:879} INFO - 
================================================================================
DAG File Processing Stats

File Path                                 PID    Runtime      # DAGs    # Errors  Last Runtime    Last Run
----------------------------------------  -----  ---------  --------  ----------  --------------  -------------------
/opt/airflow/dags/retail_pipeline_dag.py                           0           1  0.18s           2025-11-06T02:20:16
================================================================================
[2025-11-06T02:21:15.729+0000] {manager.py:879} INFO - 
================================================================================
DAG File Processing Stats

File Path                                 PID    Runtime      # DAGs    # Errors  Last Runtime    Last Run
----------------------------------------  -----  ---------  --------  ----------  --------------  -------------------
/opt/airflow/dags/retail_pipeline_dag.py                           0           1  0.20s           2025-11-06T02:20:46
================================================================================
[2025-11-06T02:21:45.995+0000] {manager.py:879} INFO - 
================================================================================
DAG File Processing Stats

File Path                                 PID    Runtime      # DAGs    # Errors  Last Runtime    Last Run
----------------------------------------  -----  ---------  --------  ----------  --------------  -------------------
/opt/airflow/dags/retail_pipeline_dag.py                           0           1  0.19s           2025-11-06T02:21:16
================================================================================
[2025-11-06T02:22:16.364+0000] {manager.py:879} INFO - 
================================================================================
DAG File Processing Stats

File Path                                 PID    Runtime      # DAGs    # Errors  Last Runtime    Last Run
----------------------------------------  -----  ---------  --------  ----------  --------------  -------------------
/opt/airflow/dags/retail_pipeline_dag.py                           0           1  0.25s           2025-11-06T02:21:47
================================================================================
[2025-11-06T02:22:46.672+0000] {manager.py:879} INFO - 
================================================================================
DAG File Processing Stats

File Path                                 PID    Runtime      # DAGs    # Errors  Last Runtime    Last Run
----------------------------------------  -----  ---------  --------  ----------  --------------  -------------------
/opt/airflow/dags/retail_pipeline_dag.py                           0           1  0.18s           2025-11-06T02:22:17
================================================================================
[2025-11-06T02:23:17.043+0000] {manager.py:879} INFO - 
================================================================================
DAG File Processing Stats

File Path                                 PID    Runtime      # DAGs    # Errors  Last Runtime    Last Run
----------------------------------------  -----  ---------  --------  ----------  --------------  -------------------
/opt/airflow/dags/retail_pipeline_dag.py                           0           1  0.24s           2025-11-06T02:22:47
================================================================================
[2025-11-06T02:23:47.385+0000] {manager.py:879} INFO - 
================================================================================
DAG File Processing Stats

File Path                                 PID    Runtime      # DAGs    # Errors  Last Runtime    Last Run
----------------------------------------  -----  ---------  --------  ----------  --------------  -------------------
/opt/airflow/dags/retail_pipeline_dag.py                           0           1  0.18s           2025-11-06T02:23:18
================================================================================
[2025-11-06T02:24:01.547+0000] {manager.py:738} INFO - Searching for files in /opt/airflow/dags
[2025-11-06T02:24:01.548+0000] {manager.py:741} INFO - There are 1 files in /opt/airflow/dags
[2025-11-06T02:24:17.668+0000] {manager.py:879} INFO - 
================================================================================
DAG File Processing Stats

File Path                                 PID    Runtime      # DAGs    # Errors  Last Runtime    Last Run
----------------------------------------  -----  ---------  --------  ----------  --------------  -------------------
/opt/airflow/dags/retail_pipeline_dag.py                           0           1  0.19s           2025-11-06T02:23:48
================================================================================
[2025-11-06T02:24:47.998+0000] {manager.py:879} INFO - 
================================================================================
DAG File Processing Stats

File Path                                 PID    Runtime      # DAGs    # Errors  Last Runtime    Last Run
----------------------------------------  -----  ---------  --------  ----------  --------------  -------------------
/opt/airflow/dags/retail_pipeline_dag.py                           0           1  0.19s           2025-11-06T02:24:18
================================================================================
[2025-11-06T02:25:18.270+0000] {manager.py:879} INFO - 
================================================================================
DAG File Processing Stats

File Path                                 PID    Runtime      # DAGs    # Errors  Last Runtime    Last Run
----------------------------------------  -----  ---------  --------  ----------  --------------  -------------------
/opt/airflow/dags/retail_pipeline_dag.py                           0           1  0.19s           2025-11-06T02:24:49
================================================================================
[2025-11-06T02:25:48.571+0000] {manager.py:879} INFO - 
================================================================================
DAG File Processing Stats

File Path                                 PID    Runtime      # DAGs    # Errors  Last Runtime    Last Run
----------------------------------------  -----  ---------  --------  ----------  --------------  -------------------
/opt/airflow/dags/retail_pipeline_dag.py                           0           1  0.18s           2025-11-06T02:25:19
================================================================================
[2025-11-06T02:26:18.906+0000] {manager.py:879} INFO - 
================================================================================
DAG File Processing Stats

File Path                                 PID    Runtime      # DAGs    # Errors  Last Runtime    Last Run
----------------------------------------  -----  ---------  --------  ----------  --------------  -------------------
/opt/airflow/dags/retail_pipeline_dag.py                           0           1  0.17s           2025-11-06T02:25:49
================================================================================
[2025-11-06T02:26:49.128+0000] {manager.py:879} INFO - 
================================================================================
DAG File Processing Stats

File Path                                 PID    Runtime      # DAGs    # Errors  Last Runtime    Last Run
----------------------------------------  -----  ---------  --------  ----------  --------------  -------------------
/opt/airflow/dags/retail_pipeline_dag.py                           0           1  0.17s           2025-11-06T02:26:20
================================================================================
[2025-11-06T02:27:19.560+0000] {manager.py:879} INFO - 
================================================================================
DAG File Processing Stats

File Path                                 PID    Runtime      # DAGs    # Errors  Last Runtime    Last Run
----------------------------------------  -----  ---------  --------  ----------  --------------  -------------------
/opt/airflow/dags/retail_pipeline_dag.py                           0           1  0.18s           2025-11-06T02:26:50
================================================================================
[2025-11-06T02:27:49.802+0000] {manager.py:879} INFO - 
================================================================================
DAG File Processing Stats

File Path                                 PID    Runtime      # DAGs    # Errors  Last Runtime    Last Run
----------------------------------------  -----  ---------  --------  ----------  --------------  -------------------
/opt/airflow/dags/retail_pipeline_dag.py                           0           1  0.19s           2025-11-06T02:27:20
================================================================================
[2025-11-06T02:28:20.179+0000] {manager.py:879} INFO - 
================================================================================
DAG File Processing Stats

File Path                                 PID    Runtime      # DAGs    # Errors  Last Runtime    Last Run
----------------------------------------  -----  ---------  --------  ----------  --------------  -------------------
/opt/airflow/dags/retail_pipeline_dag.py                           0           1  0.60s           2025-11-06T02:27:51
================================================================================
[2025-11-06T02:28:50.871+0000] {manager.py:879} INFO - 
================================================================================
DAG File Processing Stats

File Path                                 PID    Runtime      # DAGs    # Errors  Last Runtime    Last Run
----------------------------------------  -----  ---------  --------  ----------  --------------  -------------------
/opt/airflow/dags/retail_pipeline_dag.py                           0           1  0.19s           2025-11-06T02:28:21
================================================================================
[2025-11-06T02:29:02.135+0000] {manager.py:738} INFO - Searching for files in /opt/airflow/dags
[2025-11-06T02:29:02.141+0000] {manager.py:741} INFO - There are 1 files in /opt/airflow/dags
[2025-11-06T02:29:21.285+0000] {manager.py:879} INFO - 
================================================================================
DAG File Processing Stats

File Path                                 PID    Runtime      # DAGs    # Errors  Last Runtime    Last Run
----------------------------------------  -----  ---------  --------  ----------  --------------  -------------------
/opt/airflow/dags/retail_pipeline_dag.py                           0           1  0.18s           2025-11-06T02:28:52
================================================================================
[2025-11-06T02:29:51.544+0000] {manager.py:879} INFO - 
================================================================================
DAG File Processing Stats

File Path                                 PID    Runtime      # DAGs    # Errors  Last Runtime    Last Run
----------------------------------------  -----  ---------  --------  ----------  --------------  -------------------
/opt/airflow/dags/retail_pipeline_dag.py                           0           1  0.22s           2025-11-06T02:29:22
================================================================================
[2025-11-06T02:30:21.989+0000] {manager.py:879} INFO - 
================================================================================
DAG File Processing Stats

File Path                                 PID    Runtime      # DAGs    # Errors  Last Runtime    Last Run
----------------------------------------  -----  ---------  --------  ----------  --------------  -------------------
/opt/airflow/dags/retail_pipeline_dag.py                           0           1  0.20s           2025-11-06T02:29:52
================================================================================
[2025-11-06T02:30:52.146+0000] {manager.py:879} INFO - 
================================================================================
DAG File Processing Stats

File Path                                 PID    Runtime      # DAGs    # Errors  Last Runtime    Last Run
----------------------------------------  -----  ---------  --------  ----------  --------------  -------------------
/opt/airflow/dags/retail_pipeline_dag.py                           0           1  0.18s           2025-11-06T02:30:23
================================================================================
[2025-11-06T02:31:22.520+0000] {manager.py:879} INFO - 
================================================================================
DAG File Processing Stats

File Path                                 PID    Runtime      # DAGs    # Errors  Last Runtime    Last Run
----------------------------------------  -----  ---------  --------  ----------  --------------  -------------------
/opt/airflow/dags/retail_pipeline_dag.py                           0           1  0.21s           2025-11-06T02:30:53
================================================================================
[2025-11-06T02:31:52.898+0000] {manager.py:879} INFO - 
================================================================================
DAG File Processing Stats

File Path                                 PID    Runtime      # DAGs    # Errors  Last Runtime    Last Run
----------------------------------------  -----  ---------  --------  ----------  --------------  -------------------
/opt/airflow/dags/retail_pipeline_dag.py                           0           1  0.19s           2025-11-06T02:31:23
================================================================================
[2025-11-06T02:32:23.137+0000] {manager.py:879} INFO - 
================================================================================
DAG File Processing Stats

File Path                                 PID    Runtime      # DAGs    # Errors  Last Runtime    Last Run
----------------------------------------  -----  ---------  --------  ----------  --------------  -------------------
/opt/airflow/dags/retail_pipeline_dag.py                           0           1  0.20s           2025-11-06T02:31:54
================================================================================
[2025-11-06T02:32:53.388+0000] {manager.py:879} INFO - 
================================================================================
DAG File Processing Stats

File Path                                 PID    Runtime      # DAGs    # Errors  Last Runtime    Last Run
----------------------------------------  -----  ---------  --------  ----------  --------------  -------------------
/opt/airflow/dags/retail_pipeline_dag.py                           0           1  0.19s           2025-11-06T02:32:24
================================================================================
[2025-11-06T02:33:23.759+0000] {manager.py:879} INFO - 
================================================================================
DAG File Processing Stats

File Path                                 PID    Runtime      # DAGs    # Errors  Last Runtime    Last Run
----------------------------------------  -----  ---------  --------  ----------  --------------  -------------------
/opt/airflow/dags/retail_pipeline_dag.py                           0           1  0.21s           2025-11-06T02:32:54
================================================================================
[2025-11-06T02:33:53.997+0000] {manager.py:879} INFO - 
================================================================================
DAG File Processing Stats

File Path                                 PID    Runtime      # DAGs    # Errors  Last Runtime    Last Run
----------------------------------------  -----  ---------  --------  ----------  --------------  -------------------
/opt/airflow/dags/retail_pipeline_dag.py                           0           1  0.17s           2025-11-06T02:33:24
================================================================================
[2025-11-06T02:34:02.202+0000] {manager.py:738} INFO - Searching for files in /opt/airflow/dags
[2025-11-06T02:34:02.205+0000] {manager.py:741} INFO - There are 1 files in /opt/airflow/dags
[2025-11-06T02:34:24.410+0000] {manager.py:879} INFO - 
================================================================================
DAG File Processing Stats

File Path                                 PID    Runtime      # DAGs    # Errors  Last Runtime    Last Run
----------------------------------------  -----  ---------  --------  ----------  --------------  -------------------
/opt/airflow/dags/retail_pipeline_dag.py                           0           1  0.17s           2025-11-06T02:33:55
================================================================================
[2025-11-06T02:34:54.606+0000] {manager.py:879} INFO - 
================================================================================
DAG File Processing Stats

File Path                                 PID    Runtime      # DAGs    # Errors  Last Runtime    Last Run
----------------------------------------  -----  ---------  --------  ----------  --------------  -------------------
/opt/airflow/dags/retail_pipeline_dag.py                           0           1  0.19s           2025-11-06T02:34:25
================================================================================
[2025-11-06T02:35:25.026+0000] {manager.py:879} INFO - 
================================================================================
DAG File Processing Stats

File Path                                 PID    Runtime      # DAGs    # Errors  Last Runtime    Last Run
----------------------------------------  -----  ---------  --------  ----------  --------------  -------------------
/opt/airflow/dags/retail_pipeline_dag.py                           0           1  0.19s           2025-11-06T02:34:55
================================================================================
[2025-11-06T02:35:55.230+0000] {manager.py:879} INFO - 
================================================================================
DAG File Processing Stats

File Path                                 PID    Runtime      # DAGs    # Errors  Last Runtime    Last Run
----------------------------------------  -----  ---------  --------  ----------  --------------  -------------------
/opt/airflow/dags/retail_pipeline_dag.py                           0           1  0.19s           2025-11-06T02:35:26
================================================================================
[2025-11-06T02:36:25.612+0000] {manager.py:879} INFO - 
================================================================================
DAG File Processing Stats

File Path                                 PID    Runtime      # DAGs    # Errors  Last Runtime    Last Run
----------------------------------------  -----  ---------  --------  ----------  --------------  -------------------
/opt/airflow/dags/retail_pipeline_dag.py                           0           1  0.17s           2025-11-06T02:35:56
================================================================================
[2025-11-06T02:36:55.876+0000] {manager.py:879} INFO - 
================================================================================
DAG File Processing Stats

File Path                                 PID    Runtime      # DAGs    # Errors  Last Runtime    Last Run
----------------------------------------  -----  ---------  --------  ----------  --------------  -------------------
/opt/airflow/dags/retail_pipeline_dag.py                           0           1  0.19s           2025-11-06T02:36:26
================================================================================
[2025-11-06T02:37:26.150+0000] {manager.py:879} INFO - 
================================================================================
DAG File Processing Stats

File Path                                 PID    Runtime      # DAGs    # Errors  Last Runtime    Last Run
----------------------------------------  -----  ---------  --------  ----------  --------------  -------------------
/opt/airflow/dags/retail_pipeline_dag.py                           0           1  0.20s           2025-11-06T02:36:57
================================================================================
[2025-11-06T02:37:56.441+0000] {manager.py:879} INFO - 
================================================================================
DAG File Processing Stats

File Path                                 PID    Runtime      # DAGs    # Errors  Last Runtime    Last Run
----------------------------------------  -----  ---------  --------  ----------  --------------  -------------------
/opt/airflow/dags/retail_pipeline_dag.py                           0           1  0.17s           2025-11-06T02:37:27
================================================================================
[2025-11-06T02:38:26.789+0000] {manager.py:879} INFO - 
================================================================================
DAG File Processing Stats

File Path                                 PID    Runtime      # DAGs    # Errors  Last Runtime    Last Run
----------------------------------------  -----  ---------  --------  ----------  --------------  -------------------
/opt/airflow/dags/retail_pipeline_dag.py                           0           1  0.18s           2025-11-06T02:37:57
================================================================================
[2025-11-06T02:38:57.092+0000] {manager.py:879} INFO - 
================================================================================
DAG File Processing Stats

File Path                                 PID    Runtime      # DAGs    # Errors  Last Runtime    Last Run
----------------------------------------  -----  ---------  --------  ----------  --------------  -------------------
/opt/airflow/dags/retail_pipeline_dag.py                           0           1  0.17s           2025-11-06T02:38:27
================================================================================
[2025-11-06T02:39:02.210+0000] {manager.py:738} INFO - Searching for files in /opt/airflow/dags
[2025-11-06T02:39:02.213+0000] {manager.py:741} INFO - There are 1 files in /opt/airflow/dags
[2025-11-06T02:39:03.419+0000] {manager.py:451} INFO - Exiting gracefully upon receiving signal 15
