[2025-11-04T22:03:14.556+0000] {processor.py:186} INFO - Started process (PID=31) to work on /opt/airflow/dags/retail_pipeline_dag.py
[2025-11-04T22:03:14.556+0000] {processor.py:914} INFO - Processing file /opt/airflow/dags/retail_pipeline_dag.py for tasks to queue
[2025-11-04T22:03:14.557+0000] {logging_mixin.py:190} INFO - [2025-11-04T22:03:14.557+0000] {dagbag.py:587} INFO - Filling up the DagBag from /opt/airflow/dags/retail_pipeline_dag.py
[2025-11-04T22:03:14.894+0000] {processor.py:925} INFO - DAG(s) 'retail_pipeline_dag' retrieved from /opt/airflow/dags/retail_pipeline_dag.py
[2025-11-04T22:03:14.934+0000] {logging_mixin.py:190} INFO - [2025-11-04T22:03:14.933+0000] {dag.py:3229} INFO - Sync 1 DAGs
[2025-11-04T22:03:14.941+0000] {logging_mixin.py:190} INFO - [2025-11-04T22:03:14.941+0000] {dag.py:4156} INFO - Setting next_dagrun for retail_pipeline_dag to 2025-11-03 00:00:00+00:00, run_after=2025-11-04 00:00:00+00:00
[2025-11-04T22:03:15.013+0000] {processor.py:208} INFO - Processing /opt/airflow/dags/retail_pipeline_dag.py took 0.460 seconds
[2025-11-04T22:03:45.304+0000] {processor.py:186} INFO - Started process (PID=47) to work on /opt/airflow/dags/retail_pipeline_dag.py
[2025-11-04T22:03:45.305+0000] {processor.py:914} INFO - Processing file /opt/airflow/dags/retail_pipeline_dag.py for tasks to queue
[2025-11-04T22:03:45.307+0000] {logging_mixin.py:190} INFO - [2025-11-04T22:03:45.307+0000] {dagbag.py:587} INFO - Filling up the DagBag from /opt/airflow/dags/retail_pipeline_dag.py
[2025-11-04T22:03:45.611+0000] {processor.py:925} INFO - DAG(s) 'retail_pipeline_dag' retrieved from /opt/airflow/dags/retail_pipeline_dag.py
[2025-11-04T22:03:45.619+0000] {logging_mixin.py:190} INFO - [2025-11-04T22:03:45.619+0000] {dag.py:3229} INFO - Sync 1 DAGs
[2025-11-04T22:03:45.626+0000] {logging_mixin.py:190} INFO - [2025-11-04T22:03:45.626+0000] {dag.py:4156} INFO - Setting next_dagrun for retail_pipeline_dag to 2025-11-04 00:00:00+00:00, run_after=2025-11-05 00:00:00+00:00
[2025-11-04T22:03:45.631+0000] {processor.py:208} INFO - Processing /opt/airflow/dags/retail_pipeline_dag.py took 0.333 seconds
[2025-11-04T22:04:15.952+0000] {processor.py:186} INFO - Started process (PID=49) to work on /opt/airflow/dags/retail_pipeline_dag.py
[2025-11-04T22:04:15.953+0000] {processor.py:914} INFO - Processing file /opt/airflow/dags/retail_pipeline_dag.py for tasks to queue
[2025-11-04T22:04:15.956+0000] {logging_mixin.py:190} INFO - [2025-11-04T22:04:15.956+0000] {dagbag.py:587} INFO - Filling up the DagBag from /opt/airflow/dags/retail_pipeline_dag.py
[2025-11-04T22:04:16.325+0000] {processor.py:925} INFO - DAG(s) 'retail_pipeline_dag' retrieved from /opt/airflow/dags/retail_pipeline_dag.py
[2025-11-04T22:04:16.335+0000] {logging_mixin.py:190} INFO - [2025-11-04T22:04:16.335+0000] {dag.py:3229} INFO - Sync 1 DAGs
[2025-11-04T22:04:16.344+0000] {logging_mixin.py:190} INFO - [2025-11-04T22:04:16.343+0000] {dag.py:4156} INFO - Setting next_dagrun for retail_pipeline_dag to 2025-11-04 00:00:00+00:00, run_after=2025-11-05 00:00:00+00:00
[2025-11-04T22:04:16.349+0000] {processor.py:208} INFO - Processing /opt/airflow/dags/retail_pipeline_dag.py took 0.404 seconds
[2025-11-04T22:04:46.659+0000] {processor.py:186} INFO - Started process (PID=51) to work on /opt/airflow/dags/retail_pipeline_dag.py
[2025-11-04T22:04:46.660+0000] {processor.py:914} INFO - Processing file /opt/airflow/dags/retail_pipeline_dag.py for tasks to queue
[2025-11-04T22:04:46.662+0000] {logging_mixin.py:190} INFO - [2025-11-04T22:04:46.661+0000] {dagbag.py:587} INFO - Filling up the DagBag from /opt/airflow/dags/retail_pipeline_dag.py
[2025-11-04T22:04:46.939+0000] {processor.py:925} INFO - DAG(s) 'retail_pipeline_dag' retrieved from /opt/airflow/dags/retail_pipeline_dag.py
[2025-11-04T22:04:46.947+0000] {logging_mixin.py:190} INFO - [2025-11-04T22:04:46.947+0000] {dag.py:3229} INFO - Sync 1 DAGs
[2025-11-04T22:04:46.954+0000] {logging_mixin.py:190} INFO - [2025-11-04T22:04:46.954+0000] {dag.py:4156} INFO - Setting next_dagrun for retail_pipeline_dag to 2025-11-04 00:00:00+00:00, run_after=2025-11-05 00:00:00+00:00
[2025-11-04T22:04:46.959+0000] {processor.py:208} INFO - Processing /opt/airflow/dags/retail_pipeline_dag.py took 0.307 seconds
[2025-11-04T22:05:17.266+0000] {processor.py:186} INFO - Started process (PID=53) to work on /opt/airflow/dags/retail_pipeline_dag.py
[2025-11-04T22:05:17.267+0000] {processor.py:914} INFO - Processing file /opt/airflow/dags/retail_pipeline_dag.py for tasks to queue
[2025-11-04T22:05:17.269+0000] {logging_mixin.py:190} INFO - [2025-11-04T22:05:17.269+0000] {dagbag.py:587} INFO - Filling up the DagBag from /opt/airflow/dags/retail_pipeline_dag.py
[2025-11-04T22:05:17.554+0000] {processor.py:925} INFO - DAG(s) 'retail_pipeline_dag' retrieved from /opt/airflow/dags/retail_pipeline_dag.py
[2025-11-04T22:05:17.562+0000] {logging_mixin.py:190} INFO - [2025-11-04T22:05:17.562+0000] {dag.py:3229} INFO - Sync 1 DAGs
[2025-11-04T22:05:17.569+0000] {logging_mixin.py:190} INFO - [2025-11-04T22:05:17.569+0000] {dag.py:4156} INFO - Setting next_dagrun for retail_pipeline_dag to 2025-11-04 00:00:00+00:00, run_after=2025-11-05 00:00:00+00:00
[2025-11-04T22:05:17.574+0000] {processor.py:208} INFO - Processing /opt/airflow/dags/retail_pipeline_dag.py took 0.314 seconds
[2025-11-04T22:05:47.908+0000] {processor.py:186} INFO - Started process (PID=55) to work on /opt/airflow/dags/retail_pipeline_dag.py
[2025-11-04T22:05:47.909+0000] {processor.py:914} INFO - Processing file /opt/airflow/dags/retail_pipeline_dag.py for tasks to queue
[2025-11-04T22:05:47.911+0000] {logging_mixin.py:190} INFO - [2025-11-04T22:05:47.911+0000] {dagbag.py:587} INFO - Filling up the DagBag from /opt/airflow/dags/retail_pipeline_dag.py
[2025-11-04T22:05:48.192+0000] {processor.py:925} INFO - DAG(s) 'retail_pipeline_dag' retrieved from /opt/airflow/dags/retail_pipeline_dag.py
[2025-11-04T22:05:48.201+0000] {logging_mixin.py:190} INFO - [2025-11-04T22:05:48.201+0000] {dag.py:3229} INFO - Sync 1 DAGs
[2025-11-04T22:05:48.208+0000] {logging_mixin.py:190} INFO - [2025-11-04T22:05:48.208+0000] {dag.py:4156} INFO - Setting next_dagrun for retail_pipeline_dag to 2025-11-04 00:00:00+00:00, run_after=2025-11-05 00:00:00+00:00
[2025-11-04T22:05:48.213+0000] {processor.py:208} INFO - Processing /opt/airflow/dags/retail_pipeline_dag.py took 0.311 seconds
[2025-11-04T22:06:18.501+0000] {processor.py:186} INFO - Started process (PID=57) to work on /opt/airflow/dags/retail_pipeline_dag.py
[2025-11-04T22:06:18.502+0000] {processor.py:914} INFO - Processing file /opt/airflow/dags/retail_pipeline_dag.py for tasks to queue
[2025-11-04T22:06:18.505+0000] {logging_mixin.py:190} INFO - [2025-11-04T22:06:18.505+0000] {dagbag.py:587} INFO - Filling up the DagBag from /opt/airflow/dags/retail_pipeline_dag.py
[2025-11-04T22:06:18.821+0000] {processor.py:925} INFO - DAG(s) 'retail_pipeline_dag' retrieved from /opt/airflow/dags/retail_pipeline_dag.py
[2025-11-04T22:06:18.832+0000] {logging_mixin.py:190} INFO - [2025-11-04T22:06:18.832+0000] {dag.py:3229} INFO - Sync 1 DAGs
[2025-11-04T22:06:18.839+0000] {logging_mixin.py:190} INFO - [2025-11-04T22:06:18.839+0000] {dag.py:4156} INFO - Setting next_dagrun for retail_pipeline_dag to 2025-11-04 00:00:00+00:00, run_after=2025-11-05 00:00:00+00:00
[2025-11-04T22:06:18.844+0000] {processor.py:208} INFO - Processing /opt/airflow/dags/retail_pipeline_dag.py took 0.354 seconds
[2025-11-04T22:06:49.149+0000] {processor.py:186} INFO - Started process (PID=59) to work on /opt/airflow/dags/retail_pipeline_dag.py
[2025-11-04T22:06:49.149+0000] {processor.py:914} INFO - Processing file /opt/airflow/dags/retail_pipeline_dag.py for tasks to queue
[2025-11-04T22:06:49.151+0000] {logging_mixin.py:190} INFO - [2025-11-04T22:06:49.151+0000] {dagbag.py:587} INFO - Filling up the DagBag from /opt/airflow/dags/retail_pipeline_dag.py
[2025-11-04T22:06:49.438+0000] {processor.py:925} INFO - DAG(s) 'retail_pipeline_dag' retrieved from /opt/airflow/dags/retail_pipeline_dag.py
[2025-11-04T22:06:49.447+0000] {logging_mixin.py:190} INFO - [2025-11-04T22:06:49.447+0000] {dag.py:3229} INFO - Sync 1 DAGs
[2025-11-04T22:06:49.455+0000] {logging_mixin.py:190} INFO - [2025-11-04T22:06:49.455+0000] {dag.py:4156} INFO - Setting next_dagrun for retail_pipeline_dag to 2025-11-04 00:00:00+00:00, run_after=2025-11-05 00:00:00+00:00
[2025-11-04T22:06:49.503+0000] {processor.py:208} INFO - Processing /opt/airflow/dags/retail_pipeline_dag.py took 0.361 seconds
[2025-11-04T22:07:19.829+0000] {processor.py:186} INFO - Started process (PID=61) to work on /opt/airflow/dags/retail_pipeline_dag.py
[2025-11-04T22:07:19.830+0000] {processor.py:914} INFO - Processing file /opt/airflow/dags/retail_pipeline_dag.py for tasks to queue
[2025-11-04T22:07:19.832+0000] {logging_mixin.py:190} INFO - [2025-11-04T22:07:19.832+0000] {dagbag.py:587} INFO - Filling up the DagBag from /opt/airflow/dags/retail_pipeline_dag.py
[2025-11-04T22:07:20.130+0000] {processor.py:925} INFO - DAG(s) 'retail_pipeline_dag' retrieved from /opt/airflow/dags/retail_pipeline_dag.py
[2025-11-04T22:07:20.138+0000] {logging_mixin.py:190} INFO - [2025-11-04T22:07:20.138+0000] {dag.py:3229} INFO - Sync 1 DAGs
[2025-11-04T22:07:20.145+0000] {logging_mixin.py:190} INFO - [2025-11-04T22:07:20.145+0000] {dag.py:4156} INFO - Setting next_dagrun for retail_pipeline_dag to 2025-11-04 00:00:00+00:00, run_after=2025-11-05 00:00:00+00:00
[2025-11-04T22:07:20.150+0000] {processor.py:208} INFO - Processing /opt/airflow/dags/retail_pipeline_dag.py took 0.327 seconds
[2025-11-04T22:07:50.458+0000] {processor.py:186} INFO - Started process (PID=63) to work on /opt/airflow/dags/retail_pipeline_dag.py
[2025-11-04T22:07:50.459+0000] {processor.py:914} INFO - Processing file /opt/airflow/dags/retail_pipeline_dag.py for tasks to queue
[2025-11-04T22:07:50.462+0000] {logging_mixin.py:190} INFO - [2025-11-04T22:07:50.461+0000] {dagbag.py:587} INFO - Filling up the DagBag from /opt/airflow/dags/retail_pipeline_dag.py
[2025-11-04T22:07:50.774+0000] {processor.py:925} INFO - DAG(s) 'retail_pipeline_dag' retrieved from /opt/airflow/dags/retail_pipeline_dag.py
[2025-11-04T22:07:50.784+0000] {logging_mixin.py:190} INFO - [2025-11-04T22:07:50.784+0000] {dag.py:3229} INFO - Sync 1 DAGs
[2025-11-04T22:07:50.792+0000] {logging_mixin.py:190} INFO - [2025-11-04T22:07:50.792+0000] {dag.py:4156} INFO - Setting next_dagrun for retail_pipeline_dag to 2025-11-04 00:00:00+00:00, run_after=2025-11-05 00:00:00+00:00
[2025-11-04T22:07:50.797+0000] {processor.py:208} INFO - Processing /opt/airflow/dags/retail_pipeline_dag.py took 0.347 seconds
[2025-11-04T22:08:21.108+0000] {processor.py:186} INFO - Started process (PID=65) to work on /opt/airflow/dags/retail_pipeline_dag.py
[2025-11-04T22:08:21.110+0000] {processor.py:914} INFO - Processing file /opt/airflow/dags/retail_pipeline_dag.py for tasks to queue
[2025-11-04T22:08:21.112+0000] {logging_mixin.py:190} INFO - [2025-11-04T22:08:21.112+0000] {dagbag.py:587} INFO - Filling up the DagBag from /opt/airflow/dags/retail_pipeline_dag.py
[2025-11-04T22:08:21.407+0000] {processor.py:925} INFO - DAG(s) 'retail_pipeline_dag' retrieved from /opt/airflow/dags/retail_pipeline_dag.py
[2025-11-04T22:08:21.417+0000] {logging_mixin.py:190} INFO - [2025-11-04T22:08:21.417+0000] {dag.py:3229} INFO - Sync 1 DAGs
[2025-11-04T22:08:21.426+0000] {logging_mixin.py:190} INFO - [2025-11-04T22:08:21.426+0000] {dag.py:4156} INFO - Setting next_dagrun for retail_pipeline_dag to 2025-11-04 00:00:00+00:00, run_after=2025-11-05 00:00:00+00:00
[2025-11-04T22:08:21.476+0000] {processor.py:208} INFO - Processing /opt/airflow/dags/retail_pipeline_dag.py took 0.376 seconds
[2025-11-04T22:08:51.795+0000] {processor.py:186} INFO - Started process (PID=67) to work on /opt/airflow/dags/retail_pipeline_dag.py
[2025-11-04T22:08:51.796+0000] {processor.py:914} INFO - Processing file /opt/airflow/dags/retail_pipeline_dag.py for tasks to queue
[2025-11-04T22:08:51.798+0000] {logging_mixin.py:190} INFO - [2025-11-04T22:08:51.797+0000] {dagbag.py:587} INFO - Filling up the DagBag from /opt/airflow/dags/retail_pipeline_dag.py
[2025-11-04T22:08:52.095+0000] {processor.py:925} INFO - DAG(s) 'retail_pipeline_dag' retrieved from /opt/airflow/dags/retail_pipeline_dag.py
[2025-11-04T22:08:52.103+0000] {logging_mixin.py:190} INFO - [2025-11-04T22:08:52.103+0000] {dag.py:3229} INFO - Sync 1 DAGs
[2025-11-04T22:08:52.160+0000] {logging_mixin.py:190} INFO - [2025-11-04T22:08:52.160+0000] {dag.py:4156} INFO - Setting next_dagrun for retail_pipeline_dag to 2025-11-04 00:00:00+00:00, run_after=2025-11-05 00:00:00+00:00
[2025-11-04T22:08:52.165+0000] {processor.py:208} INFO - Processing /opt/airflow/dags/retail_pipeline_dag.py took 0.377 seconds
[2025-11-04T22:09:22.494+0000] {processor.py:186} INFO - Started process (PID=69) to work on /opt/airflow/dags/retail_pipeline_dag.py
[2025-11-04T22:09:22.495+0000] {processor.py:914} INFO - Processing file /opt/airflow/dags/retail_pipeline_dag.py for tasks to queue
[2025-11-04T22:09:22.497+0000] {logging_mixin.py:190} INFO - [2025-11-04T22:09:22.497+0000] {dagbag.py:587} INFO - Filling up the DagBag from /opt/airflow/dags/retail_pipeline_dag.py
[2025-11-04T22:09:22.803+0000] {processor.py:925} INFO - DAG(s) 'retail_pipeline_dag' retrieved from /opt/airflow/dags/retail_pipeline_dag.py
[2025-11-04T22:09:22.813+0000] {logging_mixin.py:190} INFO - [2025-11-04T22:09:22.813+0000] {dag.py:3229} INFO - Sync 1 DAGs
[2025-11-04T22:09:22.820+0000] {logging_mixin.py:190} INFO - [2025-11-04T22:09:22.820+0000] {dag.py:4156} INFO - Setting next_dagrun for retail_pipeline_dag to 2025-11-04 00:00:00+00:00, run_after=2025-11-05 00:00:00+00:00
[2025-11-04T22:09:22.825+0000] {processor.py:208} INFO - Processing /opt/airflow/dags/retail_pipeline_dag.py took 0.338 seconds
[2025-11-04T22:09:53.144+0000] {processor.py:186} INFO - Started process (PID=71) to work on /opt/airflow/dags/retail_pipeline_dag.py
[2025-11-04T22:09:53.145+0000] {processor.py:914} INFO - Processing file /opt/airflow/dags/retail_pipeline_dag.py for tasks to queue
[2025-11-04T22:09:53.147+0000] {logging_mixin.py:190} INFO - [2025-11-04T22:09:53.147+0000] {dagbag.py:587} INFO - Filling up the DagBag from /opt/airflow/dags/retail_pipeline_dag.py
[2025-11-04T22:09:53.445+0000] {processor.py:925} INFO - DAG(s) 'retail_pipeline_dag' retrieved from /opt/airflow/dags/retail_pipeline_dag.py
[2025-11-04T22:09:53.454+0000] {logging_mixin.py:190} INFO - [2025-11-04T22:09:53.453+0000] {dag.py:3229} INFO - Sync 1 DAGs
[2025-11-04T22:09:53.460+0000] {logging_mixin.py:190} INFO - [2025-11-04T22:09:53.460+0000] {dag.py:4156} INFO - Setting next_dagrun for retail_pipeline_dag to 2025-11-04 00:00:00+00:00, run_after=2025-11-05 00:00:00+00:00
[2025-11-04T22:09:53.510+0000] {processor.py:208} INFO - Processing /opt/airflow/dags/retail_pipeline_dag.py took 0.373 seconds
[2025-11-04T22:10:23.830+0000] {processor.py:186} INFO - Started process (PID=73) to work on /opt/airflow/dags/retail_pipeline_dag.py
[2025-11-04T22:10:23.831+0000] {processor.py:914} INFO - Processing file /opt/airflow/dags/retail_pipeline_dag.py for tasks to queue
[2025-11-04T22:10:23.833+0000] {logging_mixin.py:190} INFO - [2025-11-04T22:10:23.832+0000] {dagbag.py:587} INFO - Filling up the DagBag from /opt/airflow/dags/retail_pipeline_dag.py
[2025-11-04T22:10:24.118+0000] {processor.py:925} INFO - DAG(s) 'retail_pipeline_dag' retrieved from /opt/airflow/dags/retail_pipeline_dag.py
[2025-11-04T22:10:24.126+0000] {logging_mixin.py:190} INFO - [2025-11-04T22:10:24.126+0000] {dag.py:3229} INFO - Sync 1 DAGs
[2025-11-04T22:10:24.179+0000] {logging_mixin.py:190} INFO - [2025-11-04T22:10:24.179+0000] {dag.py:4156} INFO - Setting next_dagrun for retail_pipeline_dag to 2025-11-04 00:00:00+00:00, run_after=2025-11-05 00:00:00+00:00
[2025-11-04T22:10:24.184+0000] {processor.py:208} INFO - Processing /opt/airflow/dags/retail_pipeline_dag.py took 0.361 seconds
[2025-11-04T22:10:54.522+0000] {processor.py:186} INFO - Started process (PID=75) to work on /opt/airflow/dags/retail_pipeline_dag.py
[2025-11-04T22:10:54.524+0000] {processor.py:914} INFO - Processing file /opt/airflow/dags/retail_pipeline_dag.py for tasks to queue
[2025-11-04T22:10:54.527+0000] {logging_mixin.py:190} INFO - [2025-11-04T22:10:54.526+0000] {dagbag.py:587} INFO - Filling up the DagBag from /opt/airflow/dags/retail_pipeline_dag.py
[2025-11-04T22:10:54.845+0000] {processor.py:925} INFO - DAG(s) 'retail_pipeline_dag' retrieved from /opt/airflow/dags/retail_pipeline_dag.py
[2025-11-04T22:10:54.855+0000] {logging_mixin.py:190} INFO - [2025-11-04T22:10:54.855+0000] {dag.py:3229} INFO - Sync 1 DAGs
[2025-11-04T22:10:54.863+0000] {logging_mixin.py:190} INFO - [2025-11-04T22:10:54.863+0000] {dag.py:4156} INFO - Setting next_dagrun for retail_pipeline_dag to 2025-11-04 00:00:00+00:00, run_after=2025-11-05 00:00:00+00:00
[2025-11-04T22:10:54.868+0000] {processor.py:208} INFO - Processing /opt/airflow/dags/retail_pipeline_dag.py took 0.356 seconds
[2025-11-04T22:11:25.192+0000] {processor.py:186} INFO - Started process (PID=77) to work on /opt/airflow/dags/retail_pipeline_dag.py
[2025-11-04T22:11:25.193+0000] {processor.py:914} INFO - Processing file /opt/airflow/dags/retail_pipeline_dag.py for tasks to queue
[2025-11-04T22:11:25.195+0000] {logging_mixin.py:190} INFO - [2025-11-04T22:11:25.195+0000] {dagbag.py:587} INFO - Filling up the DagBag from /opt/airflow/dags/retail_pipeline_dag.py
[2025-11-04T22:11:25.496+0000] {processor.py:925} INFO - DAG(s) 'retail_pipeline_dag' retrieved from /opt/airflow/dags/retail_pipeline_dag.py
[2025-11-04T22:11:25.505+0000] {logging_mixin.py:190} INFO - [2025-11-04T22:11:25.505+0000] {dag.py:3229} INFO - Sync 1 DAGs
[2025-11-04T22:11:25.513+0000] {logging_mixin.py:190} INFO - [2025-11-04T22:11:25.512+0000] {dag.py:4156} INFO - Setting next_dagrun for retail_pipeline_dag to 2025-11-04 00:00:00+00:00, run_after=2025-11-05 00:00:00+00:00
[2025-11-04T22:11:25.572+0000] {processor.py:208} INFO - Processing /opt/airflow/dags/retail_pipeline_dag.py took 0.388 seconds
[2025-11-04T22:11:55.889+0000] {processor.py:186} INFO - Started process (PID=79) to work on /opt/airflow/dags/retail_pipeline_dag.py
[2025-11-04T22:11:55.890+0000] {processor.py:914} INFO - Processing file /opt/airflow/dags/retail_pipeline_dag.py for tasks to queue
[2025-11-04T22:11:55.892+0000] {logging_mixin.py:190} INFO - [2025-11-04T22:11:55.892+0000] {dagbag.py:587} INFO - Filling up the DagBag from /opt/airflow/dags/retail_pipeline_dag.py
[2025-11-04T22:11:56.196+0000] {processor.py:925} INFO - DAG(s) 'retail_pipeline_dag' retrieved from /opt/airflow/dags/retail_pipeline_dag.py
[2025-11-04T22:11:56.204+0000] {logging_mixin.py:190} INFO - [2025-11-04T22:11:56.204+0000] {dag.py:3229} INFO - Sync 1 DAGs
[2025-11-04T22:11:56.256+0000] {logging_mixin.py:190} INFO - [2025-11-04T22:11:56.256+0000] {dag.py:4156} INFO - Setting next_dagrun for retail_pipeline_dag to 2025-11-04 00:00:00+00:00, run_after=2025-11-05 00:00:00+00:00
[2025-11-04T22:11:56.261+0000] {processor.py:208} INFO - Processing /opt/airflow/dags/retail_pipeline_dag.py took 0.380 seconds
[2025-11-04T22:12:26.540+0000] {processor.py:186} INFO - Started process (PID=81) to work on /opt/airflow/dags/retail_pipeline_dag.py
[2025-11-04T22:12:26.542+0000] {processor.py:914} INFO - Processing file /opt/airflow/dags/retail_pipeline_dag.py for tasks to queue
[2025-11-04T22:12:26.544+0000] {logging_mixin.py:190} INFO - [2025-11-04T22:12:26.544+0000] {dagbag.py:587} INFO - Filling up the DagBag from /opt/airflow/dags/retail_pipeline_dag.py
[2025-11-04T22:12:26.861+0000] {processor.py:925} INFO - DAG(s) 'retail_pipeline_dag' retrieved from /opt/airflow/dags/retail_pipeline_dag.py
[2025-11-04T22:12:26.924+0000] {logging_mixin.py:190} INFO - [2025-11-04T22:12:26.924+0000] {dag.py:3229} INFO - Sync 1 DAGs
[2025-11-04T22:12:26.931+0000] {logging_mixin.py:190} INFO - [2025-11-04T22:12:26.931+0000] {dag.py:4156} INFO - Setting next_dagrun for retail_pipeline_dag to 2025-11-04 00:00:00+00:00, run_after=2025-11-05 00:00:00+00:00
[2025-11-04T22:12:26.937+0000] {processor.py:208} INFO - Processing /opt/airflow/dags/retail_pipeline_dag.py took 0.408 seconds
[2025-11-04T22:12:57.240+0000] {processor.py:186} INFO - Started process (PID=83) to work on /opt/airflow/dags/retail_pipeline_dag.py
[2025-11-04T22:12:57.241+0000] {processor.py:914} INFO - Processing file /opt/airflow/dags/retail_pipeline_dag.py for tasks to queue
[2025-11-04T22:12:57.243+0000] {logging_mixin.py:190} INFO - [2025-11-04T22:12:57.243+0000] {dagbag.py:587} INFO - Filling up the DagBag from /opt/airflow/dags/retail_pipeline_dag.py
[2025-11-04T22:12:57.532+0000] {processor.py:925} INFO - DAG(s) 'retail_pipeline_dag' retrieved from /opt/airflow/dags/retail_pipeline_dag.py
[2025-11-04T22:12:57.541+0000] {logging_mixin.py:190} INFO - [2025-11-04T22:12:57.541+0000] {dag.py:3229} INFO - Sync 1 DAGs
[2025-11-04T22:12:57.548+0000] {logging_mixin.py:190} INFO - [2025-11-04T22:12:57.548+0000] {dag.py:4156} INFO - Setting next_dagrun for retail_pipeline_dag to 2025-11-04 00:00:00+00:00, run_after=2025-11-05 00:00:00+00:00
[2025-11-04T22:12:57.603+0000] {processor.py:208} INFO - Processing /opt/airflow/dags/retail_pipeline_dag.py took 0.370 seconds
[2025-11-04T22:13:27.928+0000] {processor.py:186} INFO - Started process (PID=85) to work on /opt/airflow/dags/retail_pipeline_dag.py
[2025-11-04T22:13:27.929+0000] {processor.py:914} INFO - Processing file /opt/airflow/dags/retail_pipeline_dag.py for tasks to queue
[2025-11-04T22:13:27.932+0000] {logging_mixin.py:190} INFO - [2025-11-04T22:13:27.932+0000] {dagbag.py:587} INFO - Filling up the DagBag from /opt/airflow/dags/retail_pipeline_dag.py
[2025-11-04T22:13:28.231+0000] {processor.py:925} INFO - DAG(s) 'retail_pipeline_dag' retrieved from /opt/airflow/dags/retail_pipeline_dag.py
[2025-11-04T22:13:28.240+0000] {logging_mixin.py:190} INFO - [2025-11-04T22:13:28.240+0000] {dag.py:3229} INFO - Sync 1 DAGs
[2025-11-04T22:13:28.296+0000] {logging_mixin.py:190} INFO - [2025-11-04T22:13:28.295+0000] {dag.py:4156} INFO - Setting next_dagrun for retail_pipeline_dag to 2025-11-04 00:00:00+00:00, run_after=2025-11-05 00:00:00+00:00
[2025-11-04T22:13:28.301+0000] {processor.py:208} INFO - Processing /opt/airflow/dags/retail_pipeline_dag.py took 0.380 seconds
[2025-11-04T22:13:58.595+0000] {processor.py:186} INFO - Started process (PID=87) to work on /opt/airflow/dags/retail_pipeline_dag.py
[2025-11-04T22:13:58.595+0000] {processor.py:914} INFO - Processing file /opt/airflow/dags/retail_pipeline_dag.py for tasks to queue
[2025-11-04T22:13:58.596+0000] {logging_mixin.py:190} INFO - [2025-11-04T22:13:58.596+0000] {dagbag.py:587} INFO - Filling up the DagBag from /opt/airflow/dags/retail_pipeline_dag.py
[2025-11-04T22:13:58.876+0000] {processor.py:925} INFO - DAG(s) 'retail_pipeline_dag' retrieved from /opt/airflow/dags/retail_pipeline_dag.py
[2025-11-04T22:13:58.930+0000] {logging_mixin.py:190} INFO - [2025-11-04T22:13:58.930+0000] {dag.py:3229} INFO - Sync 1 DAGs
[2025-11-04T22:13:58.937+0000] {logging_mixin.py:190} INFO - [2025-11-04T22:13:58.937+0000] {dag.py:4156} INFO - Setting next_dagrun for retail_pipeline_dag to 2025-11-04 00:00:00+00:00, run_after=2025-11-05 00:00:00+00:00
[2025-11-04T22:13:58.942+0000] {processor.py:208} INFO - Processing /opt/airflow/dags/retail_pipeline_dag.py took 0.352 seconds
[2025-11-04T22:14:29.252+0000] {processor.py:186} INFO - Started process (PID=89) to work on /opt/airflow/dags/retail_pipeline_dag.py
[2025-11-04T22:14:29.254+0000] {processor.py:914} INFO - Processing file /opt/airflow/dags/retail_pipeline_dag.py for tasks to queue
[2025-11-04T22:14:29.257+0000] {logging_mixin.py:190} INFO - [2025-11-04T22:14:29.257+0000] {dagbag.py:587} INFO - Filling up the DagBag from /opt/airflow/dags/retail_pipeline_dag.py
[2025-11-04T22:14:29.569+0000] {processor.py:925} INFO - DAG(s) 'retail_pipeline_dag' retrieved from /opt/airflow/dags/retail_pipeline_dag.py
[2025-11-04T22:14:29.578+0000] {logging_mixin.py:190} INFO - [2025-11-04T22:14:29.578+0000] {dag.py:3229} INFO - Sync 1 DAGs
[2025-11-04T22:14:29.585+0000] {logging_mixin.py:190} INFO - [2025-11-04T22:14:29.585+0000] {dag.py:4156} INFO - Setting next_dagrun for retail_pipeline_dag to 2025-11-04 00:00:00+00:00, run_after=2025-11-05 00:00:00+00:00
[2025-11-04T22:14:29.590+0000] {processor.py:208} INFO - Processing /opt/airflow/dags/retail_pipeline_dag.py took 0.345 seconds
[2025-11-04T22:14:59.897+0000] {processor.py:186} INFO - Started process (PID=91) to work on /opt/airflow/dags/retail_pipeline_dag.py
[2025-11-04T22:14:59.898+0000] {processor.py:914} INFO - Processing file /opt/airflow/dags/retail_pipeline_dag.py for tasks to queue
[2025-11-04T22:14:59.901+0000] {logging_mixin.py:190} INFO - [2025-11-04T22:14:59.900+0000] {dagbag.py:587} INFO - Filling up the DagBag from /opt/airflow/dags/retail_pipeline_dag.py
[2025-11-04T22:15:00.199+0000] {processor.py:925} INFO - DAG(s) 'retail_pipeline_dag' retrieved from /opt/airflow/dags/retail_pipeline_dag.py
[2025-11-04T22:15:00.208+0000] {logging_mixin.py:190} INFO - [2025-11-04T22:15:00.207+0000] {dag.py:3229} INFO - Sync 1 DAGs
[2025-11-04T22:15:00.260+0000] {logging_mixin.py:190} INFO - [2025-11-04T22:15:00.260+0000] {dag.py:4156} INFO - Setting next_dagrun for retail_pipeline_dag to 2025-11-04 00:00:00+00:00, run_after=2025-11-05 00:00:00+00:00
[2025-11-04T22:15:00.265+0000] {processor.py:208} INFO - Processing /opt/airflow/dags/retail_pipeline_dag.py took 0.375 seconds
[2025-11-04T22:15:30.579+0000] {processor.py:186} INFO - Started process (PID=93) to work on /opt/airflow/dags/retail_pipeline_dag.py
[2025-11-04T22:15:30.580+0000] {processor.py:914} INFO - Processing file /opt/airflow/dags/retail_pipeline_dag.py for tasks to queue
[2025-11-04T22:15:30.583+0000] {logging_mixin.py:190} INFO - [2025-11-04T22:15:30.582+0000] {dagbag.py:587} INFO - Filling up the DagBag from /opt/airflow/dags/retail_pipeline_dag.py
[2025-11-04T22:15:30.867+0000] {processor.py:925} INFO - DAG(s) 'retail_pipeline_dag' retrieved from /opt/airflow/dags/retail_pipeline_dag.py
[2025-11-04T22:15:30.921+0000] {logging_mixin.py:190} INFO - [2025-11-04T22:15:30.921+0000] {dag.py:3229} INFO - Sync 1 DAGs
[2025-11-04T22:15:30.928+0000] {logging_mixin.py:190} INFO - [2025-11-04T22:15:30.928+0000] {dag.py:4156} INFO - Setting next_dagrun for retail_pipeline_dag to 2025-11-04 00:00:00+00:00, run_after=2025-11-05 00:00:00+00:00
[2025-11-04T22:15:30.933+0000] {processor.py:208} INFO - Processing /opt/airflow/dags/retail_pipeline_dag.py took 0.361 seconds
[2025-11-04T22:16:01.225+0000] {processor.py:186} INFO - Started process (PID=95) to work on /opt/airflow/dags/retail_pipeline_dag.py
[2025-11-04T22:16:01.226+0000] {processor.py:914} INFO - Processing file /opt/airflow/dags/retail_pipeline_dag.py for tasks to queue
[2025-11-04T22:16:01.228+0000] {logging_mixin.py:190} INFO - [2025-11-04T22:16:01.228+0000] {dagbag.py:587} INFO - Filling up the DagBag from /opt/airflow/dags/retail_pipeline_dag.py
[2025-11-04T22:16:01.555+0000] {processor.py:925} INFO - DAG(s) 'retail_pipeline_dag' retrieved from /opt/airflow/dags/retail_pipeline_dag.py
[2025-11-04T22:16:01.564+0000] {logging_mixin.py:190} INFO - [2025-11-04T22:16:01.564+0000] {dag.py:3229} INFO - Sync 1 DAGs
[2025-11-04T22:16:01.572+0000] {logging_mixin.py:190} INFO - [2025-11-04T22:16:01.572+0000] {dag.py:4156} INFO - Setting next_dagrun for retail_pipeline_dag to 2025-11-04 00:00:00+00:00, run_after=2025-11-05 00:00:00+00:00
[2025-11-04T22:16:01.578+0000] {processor.py:208} INFO - Processing /opt/airflow/dags/retail_pipeline_dag.py took 0.358 seconds
[2025-11-04T22:16:31.626+0000] {processor.py:186} INFO - Started process (PID=97) to work on /opt/airflow/dags/retail_pipeline_dag.py
[2025-11-04T22:16:31.627+0000] {processor.py:914} INFO - Processing file /opt/airflow/dags/retail_pipeline_dag.py for tasks to queue
[2025-11-04T22:16:31.629+0000] {logging_mixin.py:190} INFO - [2025-11-04T22:16:31.629+0000] {dagbag.py:587} INFO - Filling up the DagBag from /opt/airflow/dags/retail_pipeline_dag.py
[2025-11-04T22:16:31.941+0000] {processor.py:925} INFO - DAG(s) 'retail_pipeline_dag' retrieved from /opt/airflow/dags/retail_pipeline_dag.py
[2025-11-04T22:16:31.949+0000] {logging_mixin.py:190} INFO - [2025-11-04T22:16:31.949+0000] {dag.py:3229} INFO - Sync 1 DAGs
[2025-11-04T22:16:31.956+0000] {logging_mixin.py:190} INFO - [2025-11-04T22:16:31.956+0000] {dag.py:4156} INFO - Setting next_dagrun for retail_pipeline_dag to 2025-11-04 00:00:00+00:00, run_after=2025-11-05 00:00:00+00:00
[2025-11-04T22:16:31.961+0000] {processor.py:208} INFO - Processing /opt/airflow/dags/retail_pipeline_dag.py took 0.342 seconds
[2025-11-04T22:17:02.188+0000] {processor.py:186} INFO - Started process (PID=99) to work on /opt/airflow/dags/retail_pipeline_dag.py
[2025-11-04T22:17:02.189+0000] {processor.py:914} INFO - Processing file /opt/airflow/dags/retail_pipeline_dag.py for tasks to queue
[2025-11-04T22:17:02.192+0000] {logging_mixin.py:190} INFO - [2025-11-04T22:17:02.192+0000] {dagbag.py:587} INFO - Filling up the DagBag from /opt/airflow/dags/retail_pipeline_dag.py
[2025-11-04T22:17:02.492+0000] {processor.py:925} INFO - DAG(s) 'retail_pipeline_dag' retrieved from /opt/airflow/dags/retail_pipeline_dag.py
[2025-11-04T22:17:02.501+0000] {logging_mixin.py:190} INFO - [2025-11-04T22:17:02.500+0000] {dag.py:3229} INFO - Sync 1 DAGs
[2025-11-04T22:17:02.508+0000] {logging_mixin.py:190} INFO - [2025-11-04T22:17:02.507+0000] {dag.py:4156} INFO - Setting next_dagrun for retail_pipeline_dag to 2025-11-04 00:00:00+00:00, run_after=2025-11-05 00:00:00+00:00
[2025-11-04T22:17:02.513+0000] {processor.py:208} INFO - Processing /opt/airflow/dags/retail_pipeline_dag.py took 0.332 seconds
[2025-11-04T22:17:32.611+0000] {processor.py:186} INFO - Started process (PID=101) to work on /opt/airflow/dags/retail_pipeline_dag.py
[2025-11-04T22:17:32.613+0000] {processor.py:914} INFO - Processing file /opt/airflow/dags/retail_pipeline_dag.py for tasks to queue
[2025-11-04T22:17:32.616+0000] {logging_mixin.py:190} INFO - [2025-11-04T22:17:32.616+0000] {dagbag.py:587} INFO - Filling up the DagBag from /opt/airflow/dags/retail_pipeline_dag.py
[2025-11-04T22:17:33.069+0000] {processor.py:925} INFO - DAG(s) 'retail_pipeline_dag' retrieved from /opt/airflow/dags/retail_pipeline_dag.py
[2025-11-04T22:17:33.081+0000] {logging_mixin.py:190} INFO - [2025-11-04T22:17:33.081+0000] {dag.py:3229} INFO - Sync 1 DAGs
[2025-11-04T22:17:33.089+0000] {logging_mixin.py:190} INFO - [2025-11-04T22:17:33.089+0000] {dag.py:4156} INFO - Setting next_dagrun for retail_pipeline_dag to 2025-11-04 00:00:00+00:00, run_after=2025-11-05 00:00:00+00:00
[2025-11-04T22:17:33.095+0000] {processor.py:208} INFO - Processing /opt/airflow/dags/retail_pipeline_dag.py took 0.494 seconds
[2025-11-04T22:18:03.159+0000] {processor.py:186} INFO - Started process (PID=103) to work on /opt/airflow/dags/retail_pipeline_dag.py
[2025-11-04T22:18:03.160+0000] {processor.py:914} INFO - Processing file /opt/airflow/dags/retail_pipeline_dag.py for tasks to queue
[2025-11-04T22:18:03.162+0000] {logging_mixin.py:190} INFO - [2025-11-04T22:18:03.162+0000] {dagbag.py:587} INFO - Filling up the DagBag from /opt/airflow/dags/retail_pipeline_dag.py
[2025-11-04T22:18:03.455+0000] {processor.py:925} INFO - DAG(s) 'retail_pipeline_dag' retrieved from /opt/airflow/dags/retail_pipeline_dag.py
[2025-11-04T22:18:03.463+0000] {logging_mixin.py:190} INFO - [2025-11-04T22:18:03.463+0000] {dag.py:3229} INFO - Sync 1 DAGs
[2025-11-04T22:18:03.470+0000] {logging_mixin.py:190} INFO - [2025-11-04T22:18:03.470+0000] {dag.py:4156} INFO - Setting next_dagrun for retail_pipeline_dag to 2025-11-04 00:00:00+00:00, run_after=2025-11-05 00:00:00+00:00
[2025-11-04T22:18:03.475+0000] {processor.py:208} INFO - Processing /opt/airflow/dags/retail_pipeline_dag.py took 0.323 seconds
[2025-11-04T22:18:33.751+0000] {processor.py:186} INFO - Started process (PID=105) to work on /opt/airflow/dags/retail_pipeline_dag.py
[2025-11-04T22:18:33.753+0000] {processor.py:914} INFO - Processing file /opt/airflow/dags/retail_pipeline_dag.py for tasks to queue
[2025-11-04T22:18:33.755+0000] {logging_mixin.py:190} INFO - [2025-11-04T22:18:33.754+0000] {dagbag.py:587} INFO - Filling up the DagBag from /opt/airflow/dags/retail_pipeline_dag.py
[2025-11-04T22:18:34.026+0000] {processor.py:925} INFO - DAG(s) 'retail_pipeline_dag' retrieved from /opt/airflow/dags/retail_pipeline_dag.py
[2025-11-04T22:18:34.034+0000] {logging_mixin.py:190} INFO - [2025-11-04T22:18:34.034+0000] {dag.py:3229} INFO - Sync 1 DAGs
[2025-11-04T22:18:34.041+0000] {logging_mixin.py:190} INFO - [2025-11-04T22:18:34.041+0000] {dag.py:4156} INFO - Setting next_dagrun for retail_pipeline_dag to 2025-11-04 00:00:00+00:00, run_after=2025-11-05 00:00:00+00:00
[2025-11-04T22:18:34.046+0000] {processor.py:208} INFO - Processing /opt/airflow/dags/retail_pipeline_dag.py took 0.305 seconds
[2025-11-04T22:19:04.093+0000] {processor.py:186} INFO - Started process (PID=107) to work on /opt/airflow/dags/retail_pipeline_dag.py
[2025-11-04T22:19:04.093+0000] {processor.py:914} INFO - Processing file /opt/airflow/dags/retail_pipeline_dag.py for tasks to queue
[2025-11-04T22:19:04.096+0000] {logging_mixin.py:190} INFO - [2025-11-04T22:19:04.095+0000] {dagbag.py:587} INFO - Filling up the DagBag from /opt/airflow/dags/retail_pipeline_dag.py
[2025-11-04T22:19:04.376+0000] {processor.py:925} INFO - DAG(s) 'retail_pipeline_dag' retrieved from /opt/airflow/dags/retail_pipeline_dag.py
[2025-11-04T22:19:04.384+0000] {logging_mixin.py:190} INFO - [2025-11-04T22:19:04.384+0000] {dag.py:3229} INFO - Sync 1 DAGs
[2025-11-04T22:19:04.390+0000] {logging_mixin.py:190} INFO - [2025-11-04T22:19:04.390+0000] {dag.py:4156} INFO - Setting next_dagrun for retail_pipeline_dag to 2025-11-04 00:00:00+00:00, run_after=2025-11-05 00:00:00+00:00
[2025-11-04T22:19:04.396+0000] {processor.py:208} INFO - Processing /opt/airflow/dags/retail_pipeline_dag.py took 0.310 seconds
[2025-11-04T22:19:34.700+0000] {processor.py:186} INFO - Started process (PID=109) to work on /opt/airflow/dags/retail_pipeline_dag.py
[2025-11-04T22:19:34.701+0000] {processor.py:914} INFO - Processing file /opt/airflow/dags/retail_pipeline_dag.py for tasks to queue
[2025-11-04T22:19:34.703+0000] {logging_mixin.py:190} INFO - [2025-11-04T22:19:34.703+0000] {dagbag.py:587} INFO - Filling up the DagBag from /opt/airflow/dags/retail_pipeline_dag.py
[2025-11-04T22:19:34.980+0000] {processor.py:925} INFO - DAG(s) 'retail_pipeline_dag' retrieved from /opt/airflow/dags/retail_pipeline_dag.py
[2025-11-04T22:19:34.989+0000] {logging_mixin.py:190} INFO - [2025-11-04T22:19:34.988+0000] {dag.py:3229} INFO - Sync 1 DAGs
[2025-11-04T22:19:34.996+0000] {logging_mixin.py:190} INFO - [2025-11-04T22:19:34.996+0000] {dag.py:4156} INFO - Setting next_dagrun for retail_pipeline_dag to 2025-11-04 00:00:00+00:00, run_after=2025-11-05 00:00:00+00:00
[2025-11-04T22:19:35.001+0000] {processor.py:208} INFO - Processing /opt/airflow/dags/retail_pipeline_dag.py took 0.307 seconds
[2025-11-04T22:20:05.306+0000] {processor.py:186} INFO - Started process (PID=111) to work on /opt/airflow/dags/retail_pipeline_dag.py
[2025-11-04T22:20:05.307+0000] {processor.py:914} INFO - Processing file /opt/airflow/dags/retail_pipeline_dag.py for tasks to queue
[2025-11-04T22:20:05.310+0000] {logging_mixin.py:190} INFO - [2025-11-04T22:20:05.309+0000] {dagbag.py:587} INFO - Filling up the DagBag from /opt/airflow/dags/retail_pipeline_dag.py
[2025-11-04T22:20:05.593+0000] {processor.py:925} INFO - DAG(s) 'retail_pipeline_dag' retrieved from /opt/airflow/dags/retail_pipeline_dag.py
[2025-11-04T22:20:05.601+0000] {logging_mixin.py:190} INFO - [2025-11-04T22:20:05.601+0000] {dag.py:3229} INFO - Sync 1 DAGs
[2025-11-04T22:20:05.608+0000] {logging_mixin.py:190} INFO - [2025-11-04T22:20:05.608+0000] {dag.py:4156} INFO - Setting next_dagrun for retail_pipeline_dag to 2025-11-04 00:00:00+00:00, run_after=2025-11-05 00:00:00+00:00
[2025-11-04T22:20:05.613+0000] {processor.py:208} INFO - Processing /opt/airflow/dags/retail_pipeline_dag.py took 0.314 seconds
[2025-11-04T22:20:35.947+0000] {processor.py:186} INFO - Started process (PID=113) to work on /opt/airflow/dags/retail_pipeline_dag.py
[2025-11-04T22:20:35.948+0000] {processor.py:914} INFO - Processing file /opt/airflow/dags/retail_pipeline_dag.py for tasks to queue
[2025-11-04T22:20:35.950+0000] {logging_mixin.py:190} INFO - [2025-11-04T22:20:35.950+0000] {dagbag.py:587} INFO - Filling up the DagBag from /opt/airflow/dags/retail_pipeline_dag.py
[2025-11-04T22:20:36.223+0000] {processor.py:925} INFO - DAG(s) 'retail_pipeline_dag' retrieved from /opt/airflow/dags/retail_pipeline_dag.py
[2025-11-04T22:20:36.231+0000] {logging_mixin.py:190} INFO - [2025-11-04T22:20:36.231+0000] {dag.py:3229} INFO - Sync 1 DAGs
[2025-11-04T22:20:36.237+0000] {logging_mixin.py:190} INFO - [2025-11-04T22:20:36.237+0000] {dag.py:4156} INFO - Setting next_dagrun for retail_pipeline_dag to 2025-11-04 00:00:00+00:00, run_after=2025-11-05 00:00:00+00:00
[2025-11-04T22:20:36.243+0000] {processor.py:208} INFO - Processing /opt/airflow/dags/retail_pipeline_dag.py took 0.303 seconds
[2025-11-04T22:21:06.576+0000] {processor.py:186} INFO - Started process (PID=115) to work on /opt/airflow/dags/retail_pipeline_dag.py
[2025-11-04T22:21:06.577+0000] {processor.py:914} INFO - Processing file /opt/airflow/dags/retail_pipeline_dag.py for tasks to queue
[2025-11-04T22:21:06.579+0000] {logging_mixin.py:190} INFO - [2025-11-04T22:21:06.579+0000] {dagbag.py:587} INFO - Filling up the DagBag from /opt/airflow/dags/retail_pipeline_dag.py
[2025-11-04T22:21:06.865+0000] {processor.py:925} INFO - DAG(s) 'retail_pipeline_dag' retrieved from /opt/airflow/dags/retail_pipeline_dag.py
[2025-11-04T22:21:06.873+0000] {logging_mixin.py:190} INFO - [2025-11-04T22:21:06.873+0000] {dag.py:3229} INFO - Sync 1 DAGs
[2025-11-04T22:21:06.880+0000] {logging_mixin.py:190} INFO - [2025-11-04T22:21:06.880+0000] {dag.py:4156} INFO - Setting next_dagrun for retail_pipeline_dag to 2025-11-04 00:00:00+00:00, run_after=2025-11-05 00:00:00+00:00
[2025-11-04T22:21:06.886+0000] {processor.py:208} INFO - Processing /opt/airflow/dags/retail_pipeline_dag.py took 0.322 seconds
[2025-11-04T22:21:36.926+0000] {processor.py:186} INFO - Started process (PID=117) to work on /opt/airflow/dags/retail_pipeline_dag.py
[2025-11-04T22:21:36.927+0000] {processor.py:914} INFO - Processing file /opt/airflow/dags/retail_pipeline_dag.py for tasks to queue
[2025-11-04T22:21:36.930+0000] {logging_mixin.py:190} INFO - [2025-11-04T22:21:36.929+0000] {dagbag.py:587} INFO - Filling up the DagBag from /opt/airflow/dags/retail_pipeline_dag.py
[2025-11-04T22:21:37.216+0000] {processor.py:925} INFO - DAG(s) 'retail_pipeline_dag' retrieved from /opt/airflow/dags/retail_pipeline_dag.py
[2025-11-04T22:21:37.225+0000] {logging_mixin.py:190} INFO - [2025-11-04T22:21:37.224+0000] {dag.py:3229} INFO - Sync 1 DAGs
[2025-11-04T22:21:37.231+0000] {logging_mixin.py:190} INFO - [2025-11-04T22:21:37.231+0000] {dag.py:4156} INFO - Setting next_dagrun for retail_pipeline_dag to 2025-11-04 00:00:00+00:00, run_after=2025-11-05 00:00:00+00:00
[2025-11-04T22:21:37.236+0000] {processor.py:208} INFO - Processing /opt/airflow/dags/retail_pipeline_dag.py took 0.321 seconds
[2025-11-04T22:22:07.463+0000] {processor.py:186} INFO - Started process (PID=119) to work on /opt/airflow/dags/retail_pipeline_dag.py
[2025-11-04T22:22:07.464+0000] {processor.py:914} INFO - Processing file /opt/airflow/dags/retail_pipeline_dag.py for tasks to queue
[2025-11-04T22:22:07.466+0000] {logging_mixin.py:190} INFO - [2025-11-04T22:22:07.466+0000] {dagbag.py:587} INFO - Filling up the DagBag from /opt/airflow/dags/retail_pipeline_dag.py
[2025-11-04T22:22:07.739+0000] {processor.py:925} INFO - DAG(s) 'retail_pipeline_dag' retrieved from /opt/airflow/dags/retail_pipeline_dag.py
[2025-11-04T22:22:07.747+0000] {logging_mixin.py:190} INFO - [2025-11-04T22:22:07.747+0000] {dag.py:3229} INFO - Sync 1 DAGs
[2025-11-04T22:22:07.754+0000] {logging_mixin.py:190} INFO - [2025-11-04T22:22:07.754+0000] {dag.py:4156} INFO - Setting next_dagrun for retail_pipeline_dag to 2025-11-04 00:00:00+00:00, run_after=2025-11-05 00:00:00+00:00
[2025-11-04T22:22:07.759+0000] {processor.py:208} INFO - Processing /opt/airflow/dags/retail_pipeline_dag.py took 0.302 seconds
[2025-11-04T22:22:37.793+0000] {processor.py:186} INFO - Started process (PID=121) to work on /opt/airflow/dags/retail_pipeline_dag.py
[2025-11-04T22:22:37.794+0000] {processor.py:914} INFO - Processing file /opt/airflow/dags/retail_pipeline_dag.py for tasks to queue
[2025-11-04T22:22:37.796+0000] {logging_mixin.py:190} INFO - [2025-11-04T22:22:37.796+0000] {dagbag.py:587} INFO - Filling up the DagBag from /opt/airflow/dags/retail_pipeline_dag.py
[2025-11-04T22:22:38.083+0000] {processor.py:925} INFO - DAG(s) 'retail_pipeline_dag' retrieved from /opt/airflow/dags/retail_pipeline_dag.py
[2025-11-04T22:22:38.091+0000] {logging_mixin.py:190} INFO - [2025-11-04T22:22:38.091+0000] {dag.py:3229} INFO - Sync 1 DAGs
[2025-11-04T22:22:38.098+0000] {logging_mixin.py:190} INFO - [2025-11-04T22:22:38.098+0000] {dag.py:4156} INFO - Setting next_dagrun for retail_pipeline_dag to 2025-11-04 00:00:00+00:00, run_after=2025-11-05 00:00:00+00:00
[2025-11-04T22:22:38.103+0000] {processor.py:208} INFO - Processing /opt/airflow/dags/retail_pipeline_dag.py took 0.317 seconds
[2025-11-04T22:23:08.404+0000] {processor.py:186} INFO - Started process (PID=123) to work on /opt/airflow/dags/retail_pipeline_dag.py
[2025-11-04T22:23:08.405+0000] {processor.py:914} INFO - Processing file /opt/airflow/dags/retail_pipeline_dag.py for tasks to queue
[2025-11-04T22:23:08.406+0000] {logging_mixin.py:190} INFO - [2025-11-04T22:23:08.406+0000] {dagbag.py:587} INFO - Filling up the DagBag from /opt/airflow/dags/retail_pipeline_dag.py
[2025-11-04T22:23:08.690+0000] {processor.py:925} INFO - DAG(s) 'retail_pipeline_dag' retrieved from /opt/airflow/dags/retail_pipeline_dag.py
[2025-11-04T22:23:08.698+0000] {logging_mixin.py:190} INFO - [2025-11-04T22:23:08.698+0000] {dag.py:3229} INFO - Sync 1 DAGs
[2025-11-04T22:23:08.704+0000] {logging_mixin.py:190} INFO - [2025-11-04T22:23:08.704+0000] {dag.py:4156} INFO - Setting next_dagrun for retail_pipeline_dag to 2025-11-04 00:00:00+00:00, run_after=2025-11-05 00:00:00+00:00
[2025-11-04T22:23:08.710+0000] {processor.py:208} INFO - Processing /opt/airflow/dags/retail_pipeline_dag.py took 0.311 seconds
[2025-11-04T22:23:39.041+0000] {processor.py:186} INFO - Started process (PID=125) to work on /opt/airflow/dags/retail_pipeline_dag.py
[2025-11-04T22:23:39.042+0000] {processor.py:914} INFO - Processing file /opt/airflow/dags/retail_pipeline_dag.py for tasks to queue
[2025-11-04T22:23:39.044+0000] {logging_mixin.py:190} INFO - [2025-11-04T22:23:39.044+0000] {dagbag.py:587} INFO - Filling up the DagBag from /opt/airflow/dags/retail_pipeline_dag.py
[2025-11-04T22:23:39.319+0000] {processor.py:925} INFO - DAG(s) 'retail_pipeline_dag' retrieved from /opt/airflow/dags/retail_pipeline_dag.py
[2025-11-04T22:23:39.327+0000] {logging_mixin.py:190} INFO - [2025-11-04T22:23:39.327+0000] {dag.py:3229} INFO - Sync 1 DAGs
[2025-11-04T22:23:39.334+0000] {logging_mixin.py:190} INFO - [2025-11-04T22:23:39.334+0000] {dag.py:4156} INFO - Setting next_dagrun for retail_pipeline_dag to 2025-11-04 00:00:00+00:00, run_after=2025-11-05 00:00:00+00:00
[2025-11-04T22:23:39.339+0000] {processor.py:208} INFO - Processing /opt/airflow/dags/retail_pipeline_dag.py took 0.305 seconds
[2025-11-04T22:24:09.654+0000] {processor.py:186} INFO - Started process (PID=127) to work on /opt/airflow/dags/retail_pipeline_dag.py
[2025-11-04T22:24:09.655+0000] {processor.py:914} INFO - Processing file /opt/airflow/dags/retail_pipeline_dag.py for tasks to queue
[2025-11-04T22:24:09.657+0000] {logging_mixin.py:190} INFO - [2025-11-04T22:24:09.657+0000] {dagbag.py:587} INFO - Filling up the DagBag from /opt/airflow/dags/retail_pipeline_dag.py
[2025-11-04T22:24:09.933+0000] {processor.py:925} INFO - DAG(s) 'retail_pipeline_dag' retrieved from /opt/airflow/dags/retail_pipeline_dag.py
[2025-11-04T22:24:09.941+0000] {logging_mixin.py:190} INFO - [2025-11-04T22:24:09.941+0000] {dag.py:3229} INFO - Sync 1 DAGs
[2025-11-04T22:24:09.948+0000] {logging_mixin.py:190} INFO - [2025-11-04T22:24:09.948+0000] {dag.py:4156} INFO - Setting next_dagrun for retail_pipeline_dag to 2025-11-04 00:00:00+00:00, run_after=2025-11-05 00:00:00+00:00
[2025-11-04T22:24:09.953+0000] {processor.py:208} INFO - Processing /opt/airflow/dags/retail_pipeline_dag.py took 0.305 seconds
[2025-11-04T22:24:39.987+0000] {processor.py:186} INFO - Started process (PID=129) to work on /opt/airflow/dags/retail_pipeline_dag.py
[2025-11-04T22:24:39.987+0000] {processor.py:914} INFO - Processing file /opt/airflow/dags/retail_pipeline_dag.py for tasks to queue
[2025-11-04T22:24:39.990+0000] {logging_mixin.py:190} INFO - [2025-11-04T22:24:39.989+0000] {dagbag.py:587} INFO - Filling up the DagBag from /opt/airflow/dags/retail_pipeline_dag.py
[2025-11-04T22:24:40.266+0000] {processor.py:925} INFO - DAG(s) 'retail_pipeline_dag' retrieved from /opt/airflow/dags/retail_pipeline_dag.py
[2025-11-04T22:24:40.274+0000] {logging_mixin.py:190} INFO - [2025-11-04T22:24:40.274+0000] {dag.py:3229} INFO - Sync 1 DAGs
[2025-11-04T22:24:40.281+0000] {logging_mixin.py:190} INFO - [2025-11-04T22:24:40.281+0000] {dag.py:4156} INFO - Setting next_dagrun for retail_pipeline_dag to 2025-11-04 00:00:00+00:00, run_after=2025-11-05 00:00:00+00:00
[2025-11-04T22:24:40.286+0000] {processor.py:208} INFO - Processing /opt/airflow/dags/retail_pipeline_dag.py took 0.305 seconds
[2025-11-04T22:25:10.604+0000] {processor.py:186} INFO - Started process (PID=131) to work on /opt/airflow/dags/retail_pipeline_dag.py
[2025-11-04T22:25:10.605+0000] {processor.py:914} INFO - Processing file /opt/airflow/dags/retail_pipeline_dag.py for tasks to queue
[2025-11-04T22:25:10.607+0000] {logging_mixin.py:190} INFO - [2025-11-04T22:25:10.607+0000] {dagbag.py:587} INFO - Filling up the DagBag from /opt/airflow/dags/retail_pipeline_dag.py
[2025-11-04T22:25:10.902+0000] {processor.py:925} INFO - DAG(s) 'retail_pipeline_dag' retrieved from /opt/airflow/dags/retail_pipeline_dag.py
[2025-11-04T22:25:10.910+0000] {logging_mixin.py:190} INFO - [2025-11-04T22:25:10.910+0000] {dag.py:3229} INFO - Sync 1 DAGs
[2025-11-04T22:25:10.916+0000] {logging_mixin.py:190} INFO - [2025-11-04T22:25:10.916+0000] {dag.py:4156} INFO - Setting next_dagrun for retail_pipeline_dag to 2025-11-04 00:00:00+00:00, run_after=2025-11-05 00:00:00+00:00
[2025-11-04T22:25:10.921+0000] {processor.py:208} INFO - Processing /opt/airflow/dags/retail_pipeline_dag.py took 0.324 seconds
[2025-11-04T22:25:40.956+0000] {processor.py:186} INFO - Started process (PID=133) to work on /opt/airflow/dags/retail_pipeline_dag.py
[2025-11-04T22:25:40.957+0000] {processor.py:914} INFO - Processing file /opt/airflow/dags/retail_pipeline_dag.py for tasks to queue
[2025-11-04T22:25:40.959+0000] {logging_mixin.py:190} INFO - [2025-11-04T22:25:40.959+0000] {dagbag.py:587} INFO - Filling up the DagBag from /opt/airflow/dags/retail_pipeline_dag.py
[2025-11-04T22:25:41.236+0000] {processor.py:925} INFO - DAG(s) 'retail_pipeline_dag' retrieved from /opt/airflow/dags/retail_pipeline_dag.py
[2025-11-04T22:25:41.244+0000] {logging_mixin.py:190} INFO - [2025-11-04T22:25:41.244+0000] {dag.py:3229} INFO - Sync 1 DAGs
[2025-11-04T22:25:41.251+0000] {logging_mixin.py:190} INFO - [2025-11-04T22:25:41.251+0000] {dag.py:4156} INFO - Setting next_dagrun for retail_pipeline_dag to 2025-11-04 00:00:00+00:00, run_after=2025-11-05 00:00:00+00:00
[2025-11-04T22:25:41.256+0000] {processor.py:208} INFO - Processing /opt/airflow/dags/retail_pipeline_dag.py took 0.307 seconds
[2025-11-04T22:26:11.580+0000] {processor.py:186} INFO - Started process (PID=135) to work on /opt/airflow/dags/retail_pipeline_dag.py
[2025-11-04T22:26:11.581+0000] {processor.py:914} INFO - Processing file /opt/airflow/dags/retail_pipeline_dag.py for tasks to queue
[2025-11-04T22:26:11.583+0000] {logging_mixin.py:190} INFO - [2025-11-04T22:26:11.583+0000] {dagbag.py:587} INFO - Filling up the DagBag from /opt/airflow/dags/retail_pipeline_dag.py
[2025-11-04T22:26:11.862+0000] {processor.py:925} INFO - DAG(s) 'retail_pipeline_dag' retrieved from /opt/airflow/dags/retail_pipeline_dag.py
[2025-11-04T22:26:11.871+0000] {logging_mixin.py:190} INFO - [2025-11-04T22:26:11.871+0000] {dag.py:3229} INFO - Sync 1 DAGs
[2025-11-04T22:26:11.877+0000] {logging_mixin.py:190} INFO - [2025-11-04T22:26:11.877+0000] {dag.py:4156} INFO - Setting next_dagrun for retail_pipeline_dag to 2025-11-04 00:00:00+00:00, run_after=2025-11-05 00:00:00+00:00
[2025-11-04T22:26:11.883+0000] {processor.py:208} INFO - Processing /opt/airflow/dags/retail_pipeline_dag.py took 0.308 seconds
[2025-11-04T22:26:41.926+0000] {processor.py:186} INFO - Started process (PID=137) to work on /opt/airflow/dags/retail_pipeline_dag.py
[2025-11-04T22:26:41.927+0000] {processor.py:914} INFO - Processing file /opt/airflow/dags/retail_pipeline_dag.py for tasks to queue
[2025-11-04T22:26:41.929+0000] {logging_mixin.py:190} INFO - [2025-11-04T22:26:41.929+0000] {dagbag.py:587} INFO - Filling up the DagBag from /opt/airflow/dags/retail_pipeline_dag.py
[2025-11-04T22:26:42.205+0000] {processor.py:925} INFO - DAG(s) 'retail_pipeline_dag' retrieved from /opt/airflow/dags/retail_pipeline_dag.py
[2025-11-04T22:26:42.213+0000] {logging_mixin.py:190} INFO - [2025-11-04T22:26:42.212+0000] {dag.py:3229} INFO - Sync 1 DAGs
[2025-11-04T22:26:42.219+0000] {logging_mixin.py:190} INFO - [2025-11-04T22:26:42.219+0000] {dag.py:4156} INFO - Setting next_dagrun for retail_pipeline_dag to 2025-11-04 00:00:00+00:00, run_after=2025-11-05 00:00:00+00:00
[2025-11-04T22:26:42.225+0000] {processor.py:208} INFO - Processing /opt/airflow/dags/retail_pipeline_dag.py took 0.307 seconds
[2025-11-04T22:27:12.545+0000] {processor.py:186} INFO - Started process (PID=139) to work on /opt/airflow/dags/retail_pipeline_dag.py
[2025-11-04T22:27:12.546+0000] {processor.py:914} INFO - Processing file /opt/airflow/dags/retail_pipeline_dag.py for tasks to queue
[2025-11-04T22:27:12.548+0000] {logging_mixin.py:190} INFO - [2025-11-04T22:27:12.548+0000] {dagbag.py:587} INFO - Filling up the DagBag from /opt/airflow/dags/retail_pipeline_dag.py
[2025-11-04T22:27:12.822+0000] {processor.py:925} INFO - DAG(s) 'retail_pipeline_dag' retrieved from /opt/airflow/dags/retail_pipeline_dag.py
[2025-11-04T22:27:12.830+0000] {logging_mixin.py:190} INFO - [2025-11-04T22:27:12.830+0000] {dag.py:3229} INFO - Sync 1 DAGs
[2025-11-04T22:27:12.837+0000] {logging_mixin.py:190} INFO - [2025-11-04T22:27:12.837+0000] {dag.py:4156} INFO - Setting next_dagrun for retail_pipeline_dag to 2025-11-04 00:00:00+00:00, run_after=2025-11-05 00:00:00+00:00
[2025-11-04T22:27:12.842+0000] {processor.py:208} INFO - Processing /opt/airflow/dags/retail_pipeline_dag.py took 0.303 seconds
[2025-11-04T22:27:42.907+0000] {processor.py:186} INFO - Started process (PID=141) to work on /opt/airflow/dags/retail_pipeline_dag.py
[2025-11-04T22:27:42.908+0000] {processor.py:914} INFO - Processing file /opt/airflow/dags/retail_pipeline_dag.py for tasks to queue
[2025-11-04T22:27:42.910+0000] {logging_mixin.py:190} INFO - [2025-11-04T22:27:42.910+0000] {dagbag.py:587} INFO - Filling up the DagBag from /opt/airflow/dags/retail_pipeline_dag.py
[2025-11-04T22:27:43.198+0000] {processor.py:925} INFO - DAG(s) 'retail_pipeline_dag' retrieved from /opt/airflow/dags/retail_pipeline_dag.py
[2025-11-04T22:27:43.206+0000] {logging_mixin.py:190} INFO - [2025-11-04T22:27:43.205+0000] {dag.py:3229} INFO - Sync 1 DAGs
[2025-11-04T22:27:43.212+0000] {logging_mixin.py:190} INFO - [2025-11-04T22:27:43.212+0000] {dag.py:4156} INFO - Setting next_dagrun for retail_pipeline_dag to 2025-11-04 00:00:00+00:00, run_after=2025-11-05 00:00:00+00:00
[2025-11-04T22:27:43.217+0000] {processor.py:208} INFO - Processing /opt/airflow/dags/retail_pipeline_dag.py took 0.317 seconds
[2025-11-04T22:28:13.467+0000] {processor.py:186} INFO - Started process (PID=143) to work on /opt/airflow/dags/retail_pipeline_dag.py
[2025-11-04T22:28:13.468+0000] {processor.py:914} INFO - Processing file /opt/airflow/dags/retail_pipeline_dag.py for tasks to queue
[2025-11-04T22:28:13.471+0000] {logging_mixin.py:190} INFO - [2025-11-04T22:28:13.470+0000] {dagbag.py:587} INFO - Filling up the DagBag from /opt/airflow/dags/retail_pipeline_dag.py
[2025-11-04T22:28:13.754+0000] {processor.py:925} INFO - DAG(s) 'retail_pipeline_dag' retrieved from /opt/airflow/dags/retail_pipeline_dag.py
[2025-11-04T22:28:13.762+0000] {logging_mixin.py:190} INFO - [2025-11-04T22:28:13.761+0000] {dag.py:3229} INFO - Sync 1 DAGs
[2025-11-04T22:28:13.768+0000] {logging_mixin.py:190} INFO - [2025-11-04T22:28:13.768+0000] {dag.py:4156} INFO - Setting next_dagrun for retail_pipeline_dag to 2025-11-04 00:00:00+00:00, run_after=2025-11-05 00:00:00+00:00
[2025-11-04T22:28:13.774+0000] {processor.py:208} INFO - Processing /opt/airflow/dags/retail_pipeline_dag.py took 0.313 seconds
[2025-11-04T22:28:43.856+0000] {processor.py:186} INFO - Started process (PID=145) to work on /opt/airflow/dags/retail_pipeline_dag.py
[2025-11-04T22:28:43.857+0000] {processor.py:914} INFO - Processing file /opt/airflow/dags/retail_pipeline_dag.py for tasks to queue
[2025-11-04T22:28:43.859+0000] {logging_mixin.py:190} INFO - [2025-11-04T22:28:43.859+0000] {dagbag.py:587} INFO - Filling up the DagBag from /opt/airflow/dags/retail_pipeline_dag.py
[2025-11-04T22:28:44.138+0000] {processor.py:925} INFO - DAG(s) 'retail_pipeline_dag' retrieved from /opt/airflow/dags/retail_pipeline_dag.py
[2025-11-04T22:28:44.145+0000] {logging_mixin.py:190} INFO - [2025-11-04T22:28:44.145+0000] {dag.py:3229} INFO - Sync 1 DAGs
[2025-11-04T22:28:44.152+0000] {logging_mixin.py:190} INFO - [2025-11-04T22:28:44.152+0000] {dag.py:4156} INFO - Setting next_dagrun for retail_pipeline_dag to 2025-11-04 00:00:00+00:00, run_after=2025-11-05 00:00:00+00:00
[2025-11-04T22:28:44.157+0000] {processor.py:208} INFO - Processing /opt/airflow/dags/retail_pipeline_dag.py took 0.308 seconds
[2025-11-04T22:29:14.469+0000] {processor.py:186} INFO - Started process (PID=147) to work on /opt/airflow/dags/retail_pipeline_dag.py
[2025-11-04T22:29:14.470+0000] {processor.py:914} INFO - Processing file /opt/airflow/dags/retail_pipeline_dag.py for tasks to queue
[2025-11-04T22:29:14.472+0000] {logging_mixin.py:190} INFO - [2025-11-04T22:29:14.472+0000] {dagbag.py:587} INFO - Filling up the DagBag from /opt/airflow/dags/retail_pipeline_dag.py
[2025-11-04T22:29:14.749+0000] {processor.py:925} INFO - DAG(s) 'retail_pipeline_dag' retrieved from /opt/airflow/dags/retail_pipeline_dag.py
[2025-11-04T22:29:14.758+0000] {logging_mixin.py:190} INFO - [2025-11-04T22:29:14.757+0000] {dag.py:3229} INFO - Sync 1 DAGs
[2025-11-04T22:29:14.764+0000] {logging_mixin.py:190} INFO - [2025-11-04T22:29:14.764+0000] {dag.py:4156} INFO - Setting next_dagrun for retail_pipeline_dag to 2025-11-04 00:00:00+00:00, run_after=2025-11-05 00:00:00+00:00
[2025-11-04T22:29:14.769+0000] {processor.py:208} INFO - Processing /opt/airflow/dags/retail_pipeline_dag.py took 0.306 seconds
[2025-11-04T22:29:44.818+0000] {processor.py:186} INFO - Started process (PID=149) to work on /opt/airflow/dags/retail_pipeline_dag.py
[2025-11-04T22:29:44.819+0000] {processor.py:914} INFO - Processing file /opt/airflow/dags/retail_pipeline_dag.py for tasks to queue
[2025-11-04T22:29:44.821+0000] {logging_mixin.py:190} INFO - [2025-11-04T22:29:44.821+0000] {dagbag.py:587} INFO - Filling up the DagBag from /opt/airflow/dags/retail_pipeline_dag.py
[2025-11-04T22:29:45.107+0000] {processor.py:925} INFO - DAG(s) 'retail_pipeline_dag' retrieved from /opt/airflow/dags/retail_pipeline_dag.py
[2025-11-04T22:29:45.115+0000] {logging_mixin.py:190} INFO - [2025-11-04T22:29:45.115+0000] {dag.py:3229} INFO - Sync 1 DAGs
[2025-11-04T22:29:45.122+0000] {logging_mixin.py:190} INFO - [2025-11-04T22:29:45.122+0000] {dag.py:4156} INFO - Setting next_dagrun for retail_pipeline_dag to 2025-11-04 00:00:00+00:00, run_after=2025-11-05 00:00:00+00:00
[2025-11-04T22:29:45.127+0000] {processor.py:208} INFO - Processing /opt/airflow/dags/retail_pipeline_dag.py took 0.316 seconds
[2025-11-04T22:30:15.375+0000] {processor.py:186} INFO - Started process (PID=151) to work on /opt/airflow/dags/retail_pipeline_dag.py
[2025-11-04T22:30:15.376+0000] {processor.py:914} INFO - Processing file /opt/airflow/dags/retail_pipeline_dag.py for tasks to queue
[2025-11-04T22:30:15.378+0000] {logging_mixin.py:190} INFO - [2025-11-04T22:30:15.378+0000] {dagbag.py:587} INFO - Filling up the DagBag from /opt/airflow/dags/retail_pipeline_dag.py
[2025-11-04T22:30:15.654+0000] {processor.py:925} INFO - DAG(s) 'retail_pipeline_dag' retrieved from /opt/airflow/dags/retail_pipeline_dag.py
[2025-11-04T22:30:15.662+0000] {logging_mixin.py:190} INFO - [2025-11-04T22:30:15.662+0000] {dag.py:3229} INFO - Sync 1 DAGs
[2025-11-04T22:30:15.670+0000] {logging_mixin.py:190} INFO - [2025-11-04T22:30:15.669+0000] {dag.py:4156} INFO - Setting next_dagrun for retail_pipeline_dag to 2025-11-04 00:00:00+00:00, run_after=2025-11-05 00:00:00+00:00
[2025-11-04T22:30:15.675+0000] {processor.py:208} INFO - Processing /opt/airflow/dags/retail_pipeline_dag.py took 0.306 seconds
[2025-11-04T22:30:45.755+0000] {processor.py:186} INFO - Started process (PID=153) to work on /opt/airflow/dags/retail_pipeline_dag.py
[2025-11-04T22:30:45.755+0000] {processor.py:914} INFO - Processing file /opt/airflow/dags/retail_pipeline_dag.py for tasks to queue
[2025-11-04T22:30:45.757+0000] {logging_mixin.py:190} INFO - [2025-11-04T22:30:45.757+0000] {dagbag.py:587} INFO - Filling up the DagBag from /opt/airflow/dags/retail_pipeline_dag.py
[2025-11-04T22:30:46.049+0000] {processor.py:925} INFO - DAG(s) 'retail_pipeline_dag' retrieved from /opt/airflow/dags/retail_pipeline_dag.py
[2025-11-04T22:30:46.058+0000] {logging_mixin.py:190} INFO - [2025-11-04T22:30:46.058+0000] {dag.py:3229} INFO - Sync 1 DAGs
[2025-11-04T22:30:46.066+0000] {logging_mixin.py:190} INFO - [2025-11-04T22:30:46.066+0000] {dag.py:4156} INFO - Setting next_dagrun for retail_pipeline_dag to 2025-11-04 00:00:00+00:00, run_after=2025-11-05 00:00:00+00:00
[2025-11-04T22:30:46.071+0000] {processor.py:208} INFO - Processing /opt/airflow/dags/retail_pipeline_dag.py took 0.322 seconds
[2025-11-04T22:31:16.326+0000] {processor.py:186} INFO - Started process (PID=155) to work on /opt/airflow/dags/retail_pipeline_dag.py
[2025-11-04T22:31:16.328+0000] {processor.py:914} INFO - Processing file /opt/airflow/dags/retail_pipeline_dag.py for tasks to queue
[2025-11-04T22:31:16.331+0000] {logging_mixin.py:190} INFO - [2025-11-04T22:31:16.331+0000] {dagbag.py:587} INFO - Filling up the DagBag from /opt/airflow/dags/retail_pipeline_dag.py
[2025-11-04T22:31:16.649+0000] {processor.py:925} INFO - DAG(s) 'retail_pipeline_dag' retrieved from /opt/airflow/dags/retail_pipeline_dag.py
[2025-11-04T22:31:16.657+0000] {logging_mixin.py:190} INFO - [2025-11-04T22:31:16.657+0000] {dag.py:3229} INFO - Sync 1 DAGs
[2025-11-04T22:31:16.664+0000] {logging_mixin.py:190} INFO - [2025-11-04T22:31:16.664+0000] {dag.py:4156} INFO - Setting next_dagrun for retail_pipeline_dag to 2025-11-04 00:00:00+00:00, run_after=2025-11-05 00:00:00+00:00
[2025-11-04T22:31:16.670+0000] {processor.py:208} INFO - Processing /opt/airflow/dags/retail_pipeline_dag.py took 0.355 seconds
[2025-11-04T22:31:47.016+0000] {processor.py:186} INFO - Started process (PID=157) to work on /opt/airflow/dags/retail_pipeline_dag.py
[2025-11-04T22:31:47.017+0000] {processor.py:914} INFO - Processing file /opt/airflow/dags/retail_pipeline_dag.py for tasks to queue
[2025-11-04T22:31:47.019+0000] {logging_mixin.py:190} INFO - [2025-11-04T22:31:47.019+0000] {dagbag.py:587} INFO - Filling up the DagBag from /opt/airflow/dags/retail_pipeline_dag.py
[2025-11-04T22:31:47.312+0000] {processor.py:925} INFO - DAG(s) 'retail_pipeline_dag' retrieved from /opt/airflow/dags/retail_pipeline_dag.py
[2025-11-04T22:31:47.320+0000] {logging_mixin.py:190} INFO - [2025-11-04T22:31:47.320+0000] {dag.py:3229} INFO - Sync 1 DAGs
[2025-11-04T22:31:47.327+0000] {logging_mixin.py:190} INFO - [2025-11-04T22:31:47.327+0000] {dag.py:4156} INFO - Setting next_dagrun for retail_pipeline_dag to 2025-11-04 00:00:00+00:00, run_after=2025-11-05 00:00:00+00:00
[2025-11-04T22:31:47.333+0000] {processor.py:208} INFO - Processing /opt/airflow/dags/retail_pipeline_dag.py took 0.325 seconds
[2025-11-04T22:32:17.365+0000] {processor.py:186} INFO - Started process (PID=159) to work on /opt/airflow/dags/retail_pipeline_dag.py
[2025-11-04T22:32:17.366+0000] {processor.py:914} INFO - Processing file /opt/airflow/dags/retail_pipeline_dag.py for tasks to queue
[2025-11-04T22:32:17.369+0000] {logging_mixin.py:190} INFO - [2025-11-04T22:32:17.368+0000] {dagbag.py:587} INFO - Filling up the DagBag from /opt/airflow/dags/retail_pipeline_dag.py
[2025-11-04T22:32:17.646+0000] {processor.py:925} INFO - DAG(s) 'retail_pipeline_dag' retrieved from /opt/airflow/dags/retail_pipeline_dag.py
[2025-11-04T22:32:17.655+0000] {logging_mixin.py:190} INFO - [2025-11-04T22:32:17.655+0000] {dag.py:3229} INFO - Sync 1 DAGs
[2025-11-04T22:32:17.662+0000] {logging_mixin.py:190} INFO - [2025-11-04T22:32:17.662+0000] {dag.py:4156} INFO - Setting next_dagrun for retail_pipeline_dag to 2025-11-04 00:00:00+00:00, run_after=2025-11-05 00:00:00+00:00
[2025-11-04T22:32:17.667+0000] {processor.py:208} INFO - Processing /opt/airflow/dags/retail_pipeline_dag.py took 0.309 seconds
[2025-11-04T22:32:47.991+0000] {processor.py:186} INFO - Started process (PID=161) to work on /opt/airflow/dags/retail_pipeline_dag.py
[2025-11-04T22:32:47.991+0000] {processor.py:914} INFO - Processing file /opt/airflow/dags/retail_pipeline_dag.py for tasks to queue
[2025-11-04T22:32:47.993+0000] {logging_mixin.py:190} INFO - [2025-11-04T22:32:47.993+0000] {dagbag.py:587} INFO - Filling up the DagBag from /opt/airflow/dags/retail_pipeline_dag.py
[2025-11-04T22:32:48.297+0000] {processor.py:925} INFO - DAG(s) 'retail_pipeline_dag' retrieved from /opt/airflow/dags/retail_pipeline_dag.py
[2025-11-04T22:32:48.305+0000] {logging_mixin.py:190} INFO - [2025-11-04T22:32:48.305+0000] {dag.py:3229} INFO - Sync 1 DAGs
[2025-11-04T22:32:48.312+0000] {logging_mixin.py:190} INFO - [2025-11-04T22:32:48.312+0000] {dag.py:4156} INFO - Setting next_dagrun for retail_pipeline_dag to 2025-11-04 00:00:00+00:00, run_after=2025-11-05 00:00:00+00:00
[2025-11-04T22:32:48.317+0000] {processor.py:208} INFO - Processing /opt/airflow/dags/retail_pipeline_dag.py took 0.331 seconds
[2025-11-04T22:33:18.355+0000] {processor.py:186} INFO - Started process (PID=163) to work on /opt/airflow/dags/retail_pipeline_dag.py
[2025-11-04T22:33:18.356+0000] {processor.py:914} INFO - Processing file /opt/airflow/dags/retail_pipeline_dag.py for tasks to queue
[2025-11-04T22:33:18.358+0000] {logging_mixin.py:190} INFO - [2025-11-04T22:33:18.358+0000] {dagbag.py:587} INFO - Filling up the DagBag from /opt/airflow/dags/retail_pipeline_dag.py
[2025-11-04T22:33:18.648+0000] {processor.py:925} INFO - DAG(s) 'retail_pipeline_dag' retrieved from /opt/airflow/dags/retail_pipeline_dag.py
[2025-11-04T22:33:18.658+0000] {logging_mixin.py:190} INFO - [2025-11-04T22:33:18.658+0000] {dag.py:3229} INFO - Sync 1 DAGs
[2025-11-04T22:33:18.666+0000] {logging_mixin.py:190} INFO - [2025-11-04T22:33:18.666+0000] {dag.py:4156} INFO - Setting next_dagrun for retail_pipeline_dag to 2025-11-04 00:00:00+00:00, run_after=2025-11-05 00:00:00+00:00
[2025-11-04T22:33:18.671+0000] {processor.py:208} INFO - Processing /opt/airflow/dags/retail_pipeline_dag.py took 0.324 seconds
[2025-11-04T22:33:48.972+0000] {processor.py:186} INFO - Started process (PID=165) to work on /opt/airflow/dags/retail_pipeline_dag.py
[2025-11-04T22:33:48.973+0000] {processor.py:914} INFO - Processing file /opt/airflow/dags/retail_pipeline_dag.py for tasks to queue
[2025-11-04T22:33:48.975+0000] {logging_mixin.py:190} INFO - [2025-11-04T22:33:48.975+0000] {dagbag.py:587} INFO - Filling up the DagBag from /opt/airflow/dags/retail_pipeline_dag.py
[2025-11-04T22:33:49.248+0000] {processor.py:925} INFO - DAG(s) 'retail_pipeline_dag' retrieved from /opt/airflow/dags/retail_pipeline_dag.py
[2025-11-04T22:33:49.257+0000] {logging_mixin.py:190} INFO - [2025-11-04T22:33:49.256+0000] {dag.py:3229} INFO - Sync 1 DAGs
[2025-11-04T22:33:49.263+0000] {logging_mixin.py:190} INFO - [2025-11-04T22:33:49.263+0000] {dag.py:4156} INFO - Setting next_dagrun for retail_pipeline_dag to 2025-11-04 00:00:00+00:00, run_after=2025-11-05 00:00:00+00:00
[2025-11-04T22:33:49.268+0000] {processor.py:208} INFO - Processing /opt/airflow/dags/retail_pipeline_dag.py took 0.302 seconds
[2025-11-04T22:34:19.317+0000] {processor.py:186} INFO - Started process (PID=167) to work on /opt/airflow/dags/retail_pipeline_dag.py
[2025-11-04T22:34:19.318+0000] {processor.py:914} INFO - Processing file /opt/airflow/dags/retail_pipeline_dag.py for tasks to queue
[2025-11-04T22:34:19.320+0000] {logging_mixin.py:190} INFO - [2025-11-04T22:34:19.320+0000] {dagbag.py:587} INFO - Filling up the DagBag from /opt/airflow/dags/retail_pipeline_dag.py
[2025-11-04T22:34:19.593+0000] {processor.py:925} INFO - DAG(s) 'retail_pipeline_dag' retrieved from /opt/airflow/dags/retail_pipeline_dag.py
[2025-11-04T22:34:19.601+0000] {logging_mixin.py:190} INFO - [2025-11-04T22:34:19.601+0000] {dag.py:3229} INFO - Sync 1 DAGs
[2025-11-04T22:34:19.607+0000] {logging_mixin.py:190} INFO - [2025-11-04T22:34:19.607+0000] {dag.py:4156} INFO - Setting next_dagrun for retail_pipeline_dag to 2025-11-04 00:00:00+00:00, run_after=2025-11-05 00:00:00+00:00
[2025-11-04T22:34:19.612+0000] {processor.py:208} INFO - Processing /opt/airflow/dags/retail_pipeline_dag.py took 0.302 seconds
[2025-11-04T22:34:49.927+0000] {processor.py:186} INFO - Started process (PID=169) to work on /opt/airflow/dags/retail_pipeline_dag.py
[2025-11-04T22:34:49.927+0000] {processor.py:914} INFO - Processing file /opt/airflow/dags/retail_pipeline_dag.py for tasks to queue
[2025-11-04T22:34:49.930+0000] {logging_mixin.py:190} INFO - [2025-11-04T22:34:49.930+0000] {dagbag.py:587} INFO - Filling up the DagBag from /opt/airflow/dags/retail_pipeline_dag.py
[2025-11-04T22:34:50.206+0000] {processor.py:925} INFO - DAG(s) 'retail_pipeline_dag' retrieved from /opt/airflow/dags/retail_pipeline_dag.py
[2025-11-04T22:34:50.214+0000] {logging_mixin.py:190} INFO - [2025-11-04T22:34:50.213+0000] {dag.py:3229} INFO - Sync 1 DAGs
[2025-11-04T22:34:50.221+0000] {logging_mixin.py:190} INFO - [2025-11-04T22:34:50.220+0000] {dag.py:4156} INFO - Setting next_dagrun for retail_pipeline_dag to 2025-11-04 00:00:00+00:00, run_after=2025-11-05 00:00:00+00:00
[2025-11-04T22:34:50.225+0000] {processor.py:208} INFO - Processing /opt/airflow/dags/retail_pipeline_dag.py took 0.305 seconds
[2025-11-04T22:35:20.283+0000] {processor.py:186} INFO - Started process (PID=171) to work on /opt/airflow/dags/retail_pipeline_dag.py
[2025-11-04T22:35:20.284+0000] {processor.py:914} INFO - Processing file /opt/airflow/dags/retail_pipeline_dag.py for tasks to queue
[2025-11-04T22:35:20.286+0000] {logging_mixin.py:190} INFO - [2025-11-04T22:35:20.286+0000] {dagbag.py:587} INFO - Filling up the DagBag from /opt/airflow/dags/retail_pipeline_dag.py
[2025-11-04T22:35:20.564+0000] {processor.py:925} INFO - DAG(s) 'retail_pipeline_dag' retrieved from /opt/airflow/dags/retail_pipeline_dag.py
[2025-11-04T22:35:20.572+0000] {logging_mixin.py:190} INFO - [2025-11-04T22:35:20.572+0000] {dag.py:3229} INFO - Sync 1 DAGs
[2025-11-04T22:35:20.579+0000] {logging_mixin.py:190} INFO - [2025-11-04T22:35:20.579+0000] {dag.py:4156} INFO - Setting next_dagrun for retail_pipeline_dag to 2025-11-04 00:00:00+00:00, run_after=2025-11-05 00:00:00+00:00
[2025-11-04T22:35:20.584+0000] {processor.py:208} INFO - Processing /opt/airflow/dags/retail_pipeline_dag.py took 0.309 seconds
[2025-11-04T22:35:50.871+0000] {processor.py:186} INFO - Started process (PID=173) to work on /opt/airflow/dags/retail_pipeline_dag.py
[2025-11-04T22:35:50.872+0000] {processor.py:914} INFO - Processing file /opt/airflow/dags/retail_pipeline_dag.py for tasks to queue
[2025-11-04T22:35:50.873+0000] {logging_mixin.py:190} INFO - [2025-11-04T22:35:50.873+0000] {dagbag.py:587} INFO - Filling up the DagBag from /opt/airflow/dags/retail_pipeline_dag.py
[2025-11-04T22:35:51.146+0000] {processor.py:925} INFO - DAG(s) 'retail_pipeline_dag' retrieved from /opt/airflow/dags/retail_pipeline_dag.py
[2025-11-04T22:35:51.156+0000] {logging_mixin.py:190} INFO - [2025-11-04T22:35:51.156+0000] {dag.py:3229} INFO - Sync 1 DAGs
[2025-11-04T22:35:51.163+0000] {logging_mixin.py:190} INFO - [2025-11-04T22:35:51.163+0000] {dag.py:4156} INFO - Setting next_dagrun for retail_pipeline_dag to 2025-11-04 00:00:00+00:00, run_after=2025-11-05 00:00:00+00:00
[2025-11-04T22:35:51.168+0000] {processor.py:208} INFO - Processing /opt/airflow/dags/retail_pipeline_dag.py took 0.304 seconds
[2025-11-04T22:36:21.197+0000] {processor.py:186} INFO - Started process (PID=175) to work on /opt/airflow/dags/retail_pipeline_dag.py
[2025-11-04T22:36:21.198+0000] {processor.py:914} INFO - Processing file /opt/airflow/dags/retail_pipeline_dag.py for tasks to queue
[2025-11-04T22:36:21.200+0000] {logging_mixin.py:190} INFO - [2025-11-04T22:36:21.200+0000] {dagbag.py:587} INFO - Filling up the DagBag from /opt/airflow/dags/retail_pipeline_dag.py
[2025-11-04T22:36:21.487+0000] {processor.py:925} INFO - DAG(s) 'retail_pipeline_dag' retrieved from /opt/airflow/dags/retail_pipeline_dag.py
[2025-11-04T22:36:21.495+0000] {logging_mixin.py:190} INFO - [2025-11-04T22:36:21.495+0000] {dag.py:3229} INFO - Sync 1 DAGs
[2025-11-04T22:36:21.502+0000] {logging_mixin.py:190} INFO - [2025-11-04T22:36:21.502+0000] {dag.py:4156} INFO - Setting next_dagrun for retail_pipeline_dag to 2025-11-04 00:00:00+00:00, run_after=2025-11-05 00:00:00+00:00
[2025-11-04T22:36:21.507+0000] {processor.py:208} INFO - Processing /opt/airflow/dags/retail_pipeline_dag.py took 0.316 seconds
[2025-11-04T22:36:51.801+0000] {processor.py:186} INFO - Started process (PID=177) to work on /opt/airflow/dags/retail_pipeline_dag.py
[2025-11-04T22:36:51.802+0000] {processor.py:914} INFO - Processing file /opt/airflow/dags/retail_pipeline_dag.py for tasks to queue
[2025-11-04T22:36:51.803+0000] {logging_mixin.py:190} INFO - [2025-11-04T22:36:51.803+0000] {dagbag.py:587} INFO - Filling up the DagBag from /opt/airflow/dags/retail_pipeline_dag.py
[2025-11-04T22:36:52.063+0000] {processor.py:925} INFO - DAG(s) 'retail_pipeline_dag' retrieved from /opt/airflow/dags/retail_pipeline_dag.py
[2025-11-04T22:36:52.071+0000] {logging_mixin.py:190} INFO - [2025-11-04T22:36:52.071+0000] {dag.py:3229} INFO - Sync 1 DAGs
[2025-11-04T22:36:52.077+0000] {logging_mixin.py:190} INFO - [2025-11-04T22:36:52.077+0000] {dag.py:4156} INFO - Setting next_dagrun for retail_pipeline_dag to 2025-11-04 00:00:00+00:00, run_after=2025-11-05 00:00:00+00:00
[2025-11-04T22:36:52.082+0000] {processor.py:208} INFO - Processing /opt/airflow/dags/retail_pipeline_dag.py took 0.284 seconds
[2025-11-04T22:37:22.147+0000] {processor.py:186} INFO - Started process (PID=179) to work on /opt/airflow/dags/retail_pipeline_dag.py
[2025-11-04T22:37:22.148+0000] {processor.py:914} INFO - Processing file /opt/airflow/dags/retail_pipeline_dag.py for tasks to queue
[2025-11-04T22:37:22.150+0000] {logging_mixin.py:190} INFO - [2025-11-04T22:37:22.150+0000] {dagbag.py:587} INFO - Filling up the DagBag from /opt/airflow/dags/retail_pipeline_dag.py
[2025-11-04T22:37:22.430+0000] {processor.py:925} INFO - DAG(s) 'retail_pipeline_dag' retrieved from /opt/airflow/dags/retail_pipeline_dag.py
[2025-11-04T22:37:22.438+0000] {logging_mixin.py:190} INFO - [2025-11-04T22:37:22.438+0000] {dag.py:3229} INFO - Sync 1 DAGs
[2025-11-04T22:37:22.444+0000] {logging_mixin.py:190} INFO - [2025-11-04T22:37:22.444+0000] {dag.py:4156} INFO - Setting next_dagrun for retail_pipeline_dag to 2025-11-04 00:00:00+00:00, run_after=2025-11-05 00:00:00+00:00
[2025-11-04T22:37:22.450+0000] {processor.py:208} INFO - Processing /opt/airflow/dags/retail_pipeline_dag.py took 0.310 seconds
[2025-11-04T22:37:52.741+0000] {processor.py:186} INFO - Started process (PID=181) to work on /opt/airflow/dags/retail_pipeline_dag.py
[2025-11-04T22:37:52.742+0000] {processor.py:914} INFO - Processing file /opt/airflow/dags/retail_pipeline_dag.py for tasks to queue
[2025-11-04T22:37:52.744+0000] {logging_mixin.py:190} INFO - [2025-11-04T22:37:52.743+0000] {dagbag.py:587} INFO - Filling up the DagBag from /opt/airflow/dags/retail_pipeline_dag.py
[2025-11-04T22:37:53.016+0000] {processor.py:925} INFO - DAG(s) 'retail_pipeline_dag' retrieved from /opt/airflow/dags/retail_pipeline_dag.py
[2025-11-04T22:37:53.023+0000] {logging_mixin.py:190} INFO - [2025-11-04T22:37:53.023+0000] {dag.py:3229} INFO - Sync 1 DAGs
[2025-11-04T22:37:53.031+0000] {logging_mixin.py:190} INFO - [2025-11-04T22:37:53.031+0000] {dag.py:4156} INFO - Setting next_dagrun for retail_pipeline_dag to 2025-11-04 00:00:00+00:00, run_after=2025-11-05 00:00:00+00:00
[2025-11-04T22:37:53.035+0000] {processor.py:208} INFO - Processing /opt/airflow/dags/retail_pipeline_dag.py took 0.302 seconds
[2025-11-04T22:48:52.988+0000] {processor.py:186} INFO - Started process (PID=183) to work on /opt/airflow/dags/retail_pipeline_dag.py
[2025-11-04T22:48:52.989+0000] {processor.py:914} INFO - Processing file /opt/airflow/dags/retail_pipeline_dag.py for tasks to queue
[2025-11-04T22:48:52.990+0000] {logging_mixin.py:190} INFO - [2025-11-04T22:48:52.990+0000] {dagbag.py:587} INFO - Filling up the DagBag from /opt/airflow/dags/retail_pipeline_dag.py
[2025-11-04T22:48:53.258+0000] {processor.py:925} INFO - DAG(s) 'retail_pipeline_dag' retrieved from /opt/airflow/dags/retail_pipeline_dag.py
[2025-11-04T22:48:53.266+0000] {logging_mixin.py:190} INFO - [2025-11-04T22:48:53.266+0000] {dag.py:3229} INFO - Sync 1 DAGs
[2025-11-04T22:48:53.273+0000] {logging_mixin.py:190} INFO - [2025-11-04T22:48:53.273+0000] {dag.py:4156} INFO - Setting next_dagrun for retail_pipeline_dag to 2025-11-04 00:00:00+00:00, run_after=2025-11-05 00:00:00+00:00
[2025-11-04T22:48:53.278+0000] {processor.py:208} INFO - Processing /opt/airflow/dags/retail_pipeline_dag.py took 0.295 seconds
[2025-11-04T22:50:30.728+0000] {processor.py:186} INFO - Started process (PID=185) to work on /opt/airflow/dags/retail_pipeline_dag.py
[2025-11-04T22:50:30.729+0000] {processor.py:914} INFO - Processing file /opt/airflow/dags/retail_pipeline_dag.py for tasks to queue
[2025-11-04T22:50:30.731+0000] {logging_mixin.py:190} INFO - [2025-11-04T22:50:30.731+0000] {dagbag.py:587} INFO - Filling up the DagBag from /opt/airflow/dags/retail_pipeline_dag.py
[2025-11-04T22:50:31.007+0000] {processor.py:925} INFO - DAG(s) 'retail_pipeline_dag' retrieved from /opt/airflow/dags/retail_pipeline_dag.py
[2025-11-04T22:50:31.015+0000] {logging_mixin.py:190} INFO - [2025-11-04T22:50:31.015+0000] {dag.py:3229} INFO - Sync 1 DAGs
[2025-11-04T22:50:31.022+0000] {logging_mixin.py:190} INFO - [2025-11-04T22:50:31.021+0000] {dag.py:4156} INFO - Setting next_dagrun for retail_pipeline_dag to 2025-11-04 00:00:00+00:00, run_after=2025-11-05 00:00:00+00:00
[2025-11-04T22:50:31.026+0000] {processor.py:208} INFO - Processing /opt/airflow/dags/retail_pipeline_dag.py took 0.306 seconds
[2025-11-04T22:51:32.125+0000] {processor.py:186} INFO - Started process (PID=187) to work on /opt/airflow/dags/retail_pipeline_dag.py
[2025-11-04T22:51:32.127+0000] {processor.py:914} INFO - Processing file /opt/airflow/dags/retail_pipeline_dag.py for tasks to queue
[2025-11-04T22:51:32.128+0000] {logging_mixin.py:190} INFO - [2025-11-04T22:51:32.128+0000] {dagbag.py:587} INFO - Filling up the DagBag from /opt/airflow/dags/retail_pipeline_dag.py
[2025-11-04T22:51:32.403+0000] {processor.py:925} INFO - DAG(s) 'retail_pipeline_dag' retrieved from /opt/airflow/dags/retail_pipeline_dag.py
[2025-11-04T22:51:32.411+0000] {logging_mixin.py:190} INFO - [2025-11-04T22:51:32.411+0000] {dag.py:3229} INFO - Sync 1 DAGs
[2025-11-04T22:51:32.417+0000] {logging_mixin.py:190} INFO - [2025-11-04T22:51:32.417+0000] {dag.py:4156} INFO - Setting next_dagrun for retail_pipeline_dag to 2025-11-04 00:00:00+00:00, run_after=2025-11-05 00:00:00+00:00
[2025-11-04T22:51:32.422+0000] {processor.py:208} INFO - Processing /opt/airflow/dags/retail_pipeline_dag.py took 0.303 seconds
[2025-11-04T22:52:36.073+0000] {processor.py:186} INFO - Started process (PID=189) to work on /opt/airflow/dags/retail_pipeline_dag.py
[2025-11-04T22:52:36.074+0000] {processor.py:914} INFO - Processing file /opt/airflow/dags/retail_pipeline_dag.py for tasks to queue
[2025-11-04T22:52:36.077+0000] {logging_mixin.py:190} INFO - [2025-11-04T22:52:36.076+0000] {dagbag.py:587} INFO - Filling up the DagBag from /opt/airflow/dags/retail_pipeline_dag.py
[2025-11-04T22:52:36.348+0000] {processor.py:925} INFO - DAG(s) 'retail_pipeline_dag' retrieved from /opt/airflow/dags/retail_pipeline_dag.py
[2025-11-04T22:52:36.356+0000] {logging_mixin.py:190} INFO - [2025-11-04T22:52:36.356+0000] {dag.py:3229} INFO - Sync 1 DAGs
[2025-11-04T22:52:36.363+0000] {logging_mixin.py:190} INFO - [2025-11-04T22:52:36.363+0000] {dag.py:4156} INFO - Setting next_dagrun for retail_pipeline_dag to 2025-11-04 00:00:00+00:00, run_after=2025-11-05 00:00:00+00:00
[2025-11-04T22:52:36.368+0000] {processor.py:208} INFO - Processing /opt/airflow/dags/retail_pipeline_dag.py took 0.301 seconds
[2025-11-04T22:56:50.731+0000] {processor.py:186} INFO - Started process (PID=191) to work on /opt/airflow/dags/retail_pipeline_dag.py
[2025-11-04T22:56:50.732+0000] {processor.py:914} INFO - Processing file /opt/airflow/dags/retail_pipeline_dag.py for tasks to queue
[2025-11-04T22:56:50.734+0000] {logging_mixin.py:190} INFO - [2025-11-04T22:56:50.733+0000] {dagbag.py:587} INFO - Filling up the DagBag from /opt/airflow/dags/retail_pipeline_dag.py
[2025-11-04T22:56:51.003+0000] {processor.py:925} INFO - DAG(s) 'retail_pipeline_dag' retrieved from /opt/airflow/dags/retail_pipeline_dag.py
[2025-11-04T22:56:51.011+0000] {logging_mixin.py:190} INFO - [2025-11-04T22:56:51.011+0000] {dag.py:3229} INFO - Sync 1 DAGs
[2025-11-04T22:56:51.017+0000] {logging_mixin.py:190} INFO - [2025-11-04T22:56:51.017+0000] {dag.py:4156} INFO - Setting next_dagrun for retail_pipeline_dag to 2025-11-04 00:00:00+00:00, run_after=2025-11-05 00:00:00+00:00
[2025-11-04T22:56:51.022+0000] {processor.py:208} INFO - Processing /opt/airflow/dags/retail_pipeline_dag.py took 0.296 seconds
[2025-11-04T22:57:24.784+0000] {processor.py:186} INFO - Started process (PID=193) to work on /opt/airflow/dags/retail_pipeline_dag.py
[2025-11-04T22:57:24.785+0000] {processor.py:914} INFO - Processing file /opt/airflow/dags/retail_pipeline_dag.py for tasks to queue
[2025-11-04T22:57:24.787+0000] {logging_mixin.py:190} INFO - [2025-11-04T22:57:24.787+0000] {dagbag.py:587} INFO - Filling up the DagBag from /opt/airflow/dags/retail_pipeline_dag.py
[2025-11-04T22:57:25.059+0000] {processor.py:925} INFO - DAG(s) 'retail_pipeline_dag' retrieved from /opt/airflow/dags/retail_pipeline_dag.py
[2025-11-04T22:57:25.068+0000] {logging_mixin.py:190} INFO - [2025-11-04T22:57:25.068+0000] {dag.py:3229} INFO - Sync 1 DAGs
[2025-11-04T22:57:25.075+0000] {logging_mixin.py:190} INFO - [2025-11-04T22:57:25.075+0000] {dag.py:4156} INFO - Setting next_dagrun for retail_pipeline_dag to 2025-11-04 00:00:00+00:00, run_after=2025-11-05 00:00:00+00:00
[2025-11-04T22:57:25.080+0000] {processor.py:208} INFO - Processing /opt/airflow/dags/retail_pipeline_dag.py took 0.303 seconds
[2025-11-04T23:07:30.948+0000] {processor.py:186} INFO - Started process (PID=195) to work on /opt/airflow/dags/retail_pipeline_dag.py
[2025-11-04T23:07:30.949+0000] {processor.py:914} INFO - Processing file /opt/airflow/dags/retail_pipeline_dag.py for tasks to queue
[2025-11-04T23:07:30.950+0000] {logging_mixin.py:190} INFO - [2025-11-04T23:07:30.950+0000] {dagbag.py:587} INFO - Filling up the DagBag from /opt/airflow/dags/retail_pipeline_dag.py
[2025-11-04T23:07:31.215+0000] {processor.py:925} INFO - DAG(s) 'retail_pipeline_dag' retrieved from /opt/airflow/dags/retail_pipeline_dag.py
[2025-11-04T23:07:31.223+0000] {logging_mixin.py:190} INFO - [2025-11-04T23:07:31.222+0000] {dag.py:3229} INFO - Sync 1 DAGs
[2025-11-04T23:07:31.230+0000] {logging_mixin.py:190} INFO - [2025-11-04T23:07:31.230+0000] {dag.py:4156} INFO - Setting next_dagrun for retail_pipeline_dag to 2025-11-04 00:00:00+00:00, run_after=2025-11-05 00:00:00+00:00
[2025-11-04T23:07:31.235+0000] {processor.py:208} INFO - Processing /opt/airflow/dags/retail_pipeline_dag.py took 0.292 seconds
[2025-11-04T23:10:01.962+0000] {processor.py:186} INFO - Started process (PID=197) to work on /opt/airflow/dags/retail_pipeline_dag.py
[2025-11-04T23:10:01.963+0000] {processor.py:914} INFO - Processing file /opt/airflow/dags/retail_pipeline_dag.py for tasks to queue
[2025-11-04T23:10:01.964+0000] {logging_mixin.py:190} INFO - [2025-11-04T23:10:01.964+0000] {dagbag.py:587} INFO - Filling up the DagBag from /opt/airflow/dags/retail_pipeline_dag.py
[2025-11-04T23:10:02.233+0000] {processor.py:925} INFO - DAG(s) 'retail_pipeline_dag' retrieved from /opt/airflow/dags/retail_pipeline_dag.py
[2025-11-04T23:10:02.240+0000] {logging_mixin.py:190} INFO - [2025-11-04T23:10:02.240+0000] {dag.py:3229} INFO - Sync 1 DAGs
[2025-11-04T23:10:02.247+0000] {logging_mixin.py:190} INFO - [2025-11-04T23:10:02.247+0000] {dag.py:4156} INFO - Setting next_dagrun for retail_pipeline_dag to 2025-11-04 00:00:00+00:00, run_after=2025-11-05 00:00:00+00:00
[2025-11-04T23:10:02.252+0000] {processor.py:208} INFO - Processing /opt/airflow/dags/retail_pipeline_dag.py took 0.296 seconds
[2025-11-04T23:11:21.686+0000] {processor.py:186} INFO - Started process (PID=199) to work on /opt/airflow/dags/retail_pipeline_dag.py
[2025-11-04T23:11:21.687+0000] {processor.py:914} INFO - Processing file /opt/airflow/dags/retail_pipeline_dag.py for tasks to queue
[2025-11-04T23:11:21.689+0000] {logging_mixin.py:190} INFO - [2025-11-04T23:11:21.689+0000] {dagbag.py:587} INFO - Filling up the DagBag from /opt/airflow/dags/retail_pipeline_dag.py
[2025-11-04T23:11:21.970+0000] {processor.py:925} INFO - DAG(s) 'retail_pipeline_dag' retrieved from /opt/airflow/dags/retail_pipeline_dag.py
[2025-11-04T23:11:21.978+0000] {logging_mixin.py:190} INFO - [2025-11-04T23:11:21.978+0000] {dag.py:3229} INFO - Sync 1 DAGs
[2025-11-04T23:11:21.985+0000] {logging_mixin.py:190} INFO - [2025-11-04T23:11:21.985+0000] {dag.py:4156} INFO - Setting next_dagrun for retail_pipeline_dag to 2025-11-04 00:00:00+00:00, run_after=2025-11-05 00:00:00+00:00
[2025-11-04T23:11:21.990+0000] {processor.py:208} INFO - Processing /opt/airflow/dags/retail_pipeline_dag.py took 0.311 seconds
[2025-11-04T23:13:29.227+0000] {processor.py:186} INFO - Started process (PID=201) to work on /opt/airflow/dags/retail_pipeline_dag.py
[2025-11-04T23:13:29.228+0000] {processor.py:914} INFO - Processing file /opt/airflow/dags/retail_pipeline_dag.py for tasks to queue
[2025-11-04T23:13:29.229+0000] {logging_mixin.py:190} INFO - [2025-11-04T23:13:29.229+0000] {dagbag.py:587} INFO - Filling up the DagBag from /opt/airflow/dags/retail_pipeline_dag.py
[2025-11-04T23:13:29.501+0000] {processor.py:925} INFO - DAG(s) 'retail_pipeline_dag' retrieved from /opt/airflow/dags/retail_pipeline_dag.py
[2025-11-04T23:13:29.511+0000] {logging_mixin.py:190} INFO - [2025-11-04T23:13:29.511+0000] {dag.py:3229} INFO - Sync 1 DAGs
[2025-11-04T23:13:29.520+0000] {logging_mixin.py:190} INFO - [2025-11-04T23:13:29.520+0000] {dag.py:4156} INFO - Setting next_dagrun for retail_pipeline_dag to 2025-11-04 00:00:00+00:00, run_after=2025-11-05 00:00:00+00:00
[2025-11-04T23:13:29.526+0000] {processor.py:208} INFO - Processing /opt/airflow/dags/retail_pipeline_dag.py took 0.304 seconds
[2025-11-04T23:14:08.958+0000] {processor.py:186} INFO - Started process (PID=203) to work on /opt/airflow/dags/retail_pipeline_dag.py
[2025-11-04T23:14:08.959+0000] {processor.py:914} INFO - Processing file /opt/airflow/dags/retail_pipeline_dag.py for tasks to queue
[2025-11-04T23:14:08.962+0000] {logging_mixin.py:190} INFO - [2025-11-04T23:14:08.961+0000] {dagbag.py:587} INFO - Filling up the DagBag from /opt/airflow/dags/retail_pipeline_dag.py
[2025-11-04T23:14:09.241+0000] {processor.py:925} INFO - DAG(s) 'retail_pipeline_dag' retrieved from /opt/airflow/dags/retail_pipeline_dag.py
[2025-11-04T23:14:09.249+0000] {logging_mixin.py:190} INFO - [2025-11-04T23:14:09.249+0000] {dag.py:3229} INFO - Sync 1 DAGs
[2025-11-04T23:14:09.255+0000] {logging_mixin.py:190} INFO - [2025-11-04T23:14:09.255+0000] {dag.py:4156} INFO - Setting next_dagrun for retail_pipeline_dag to 2025-11-04 00:00:00+00:00, run_after=2025-11-05 00:00:00+00:00
[2025-11-04T23:14:09.260+0000] {processor.py:208} INFO - Processing /opt/airflow/dags/retail_pipeline_dag.py took 0.309 seconds
[2025-11-04T23:17:26.844+0000] {processor.py:186} INFO - Started process (PID=205) to work on /opt/airflow/dags/retail_pipeline_dag.py
[2025-11-04T23:17:26.845+0000] {processor.py:914} INFO - Processing file /opt/airflow/dags/retail_pipeline_dag.py for tasks to queue
[2025-11-04T23:17:26.847+0000] {logging_mixin.py:190} INFO - [2025-11-04T23:17:26.847+0000] {dagbag.py:587} INFO - Filling up the DagBag from /opt/airflow/dags/retail_pipeline_dag.py
[2025-11-04T23:17:27.129+0000] {processor.py:925} INFO - DAG(s) 'retail_pipeline_dag' retrieved from /opt/airflow/dags/retail_pipeline_dag.py
[2025-11-04T23:17:27.137+0000] {logging_mixin.py:190} INFO - [2025-11-04T23:17:27.137+0000] {dag.py:3229} INFO - Sync 1 DAGs
[2025-11-04T23:17:27.144+0000] {logging_mixin.py:190} INFO - [2025-11-04T23:17:27.144+0000] {dag.py:4156} INFO - Setting next_dagrun for retail_pipeline_dag to 2025-11-04 00:00:00+00:00, run_after=2025-11-05 00:00:00+00:00
[2025-11-04T23:17:27.149+0000] {processor.py:208} INFO - Processing /opt/airflow/dags/retail_pipeline_dag.py took 0.311 seconds
[2025-11-04T23:18:56.872+0000] {processor.py:186} INFO - Started process (PID=207) to work on /opt/airflow/dags/retail_pipeline_dag.py
[2025-11-04T23:18:56.873+0000] {processor.py:914} INFO - Processing file /opt/airflow/dags/retail_pipeline_dag.py for tasks to queue
[2025-11-04T23:18:56.875+0000] {logging_mixin.py:190} INFO - [2025-11-04T23:18:56.875+0000] {dagbag.py:587} INFO - Filling up the DagBag from /opt/airflow/dags/retail_pipeline_dag.py
[2025-11-04T23:18:57.145+0000] {processor.py:925} INFO - DAG(s) 'retail_pipeline_dag' retrieved from /opt/airflow/dags/retail_pipeline_dag.py
[2025-11-04T23:18:57.153+0000] {logging_mixin.py:190} INFO - [2025-11-04T23:18:57.153+0000] {dag.py:3229} INFO - Sync 1 DAGs
[2025-11-04T23:18:57.160+0000] {logging_mixin.py:190} INFO - [2025-11-04T23:18:57.160+0000] {dag.py:4156} INFO - Setting next_dagrun for retail_pipeline_dag to 2025-11-04 00:00:00+00:00, run_after=2025-11-05 00:00:00+00:00
[2025-11-04T23:18:57.165+0000] {processor.py:208} INFO - Processing /opt/airflow/dags/retail_pipeline_dag.py took 0.299 seconds
[2025-11-04T23:22:02.505+0000] {processor.py:186} INFO - Started process (PID=209) to work on /opt/airflow/dags/retail_pipeline_dag.py
[2025-11-04T23:22:02.506+0000] {processor.py:914} INFO - Processing file /opt/airflow/dags/retail_pipeline_dag.py for tasks to queue
[2025-11-04T23:22:02.508+0000] {logging_mixin.py:190} INFO - [2025-11-04T23:22:02.508+0000] {dagbag.py:587} INFO - Filling up the DagBag from /opt/airflow/dags/retail_pipeline_dag.py
[2025-11-04T23:22:02.779+0000] {processor.py:925} INFO - DAG(s) 'retail_pipeline_dag' retrieved from /opt/airflow/dags/retail_pipeline_dag.py
[2025-11-04T23:22:02.786+0000] {logging_mixin.py:190} INFO - [2025-11-04T23:22:02.786+0000] {dag.py:3229} INFO - Sync 1 DAGs
[2025-11-04T23:22:02.793+0000] {logging_mixin.py:190} INFO - [2025-11-04T23:22:02.793+0000] {dag.py:4156} INFO - Setting next_dagrun for retail_pipeline_dag to 2025-11-04 00:00:00+00:00, run_after=2025-11-05 00:00:00+00:00
[2025-11-04T23:22:02.798+0000] {processor.py:208} INFO - Processing /opt/airflow/dags/retail_pipeline_dag.py took 0.298 seconds
[2025-11-04T23:25:26.422+0000] {processor.py:186} INFO - Started process (PID=211) to work on /opt/airflow/dags/retail_pipeline_dag.py
[2025-11-04T23:25:26.423+0000] {processor.py:914} INFO - Processing file /opt/airflow/dags/retail_pipeline_dag.py for tasks to queue
[2025-11-04T23:25:26.424+0000] {logging_mixin.py:190} INFO - [2025-11-04T23:25:26.424+0000] {dagbag.py:587} INFO - Filling up the DagBag from /opt/airflow/dags/retail_pipeline_dag.py
[2025-11-04T23:25:26.876+0000] {processor.py:925} INFO - DAG(s) 'retail_pipeline_dag' retrieved from /opt/airflow/dags/retail_pipeline_dag.py
[2025-11-04T23:25:26.885+0000] {logging_mixin.py:190} INFO - [2025-11-04T23:25:26.884+0000] {dag.py:3229} INFO - Sync 1 DAGs
[2025-11-04T23:25:26.892+0000] {logging_mixin.py:190} INFO - [2025-11-04T23:25:26.892+0000] {dag.py:4156} INFO - Setting next_dagrun for retail_pipeline_dag to 2025-11-04 00:00:00+00:00, run_after=2025-11-05 00:00:00+00:00
[2025-11-04T23:25:26.897+0000] {processor.py:208} INFO - Processing /opt/airflow/dags/retail_pipeline_dag.py took 0.480 seconds
[2025-11-04T23:28:34.396+0000] {processor.py:186} INFO - Started process (PID=213) to work on /opt/airflow/dags/retail_pipeline_dag.py
[2025-11-04T23:28:34.397+0000] {processor.py:914} INFO - Processing file /opt/airflow/dags/retail_pipeline_dag.py for tasks to queue
[2025-11-04T23:28:34.399+0000] {logging_mixin.py:190} INFO - [2025-11-04T23:28:34.399+0000] {dagbag.py:587} INFO - Filling up the DagBag from /opt/airflow/dags/retail_pipeline_dag.py
[2025-11-04T23:28:34.669+0000] {processor.py:925} INFO - DAG(s) 'retail_pipeline_dag' retrieved from /opt/airflow/dags/retail_pipeline_dag.py
[2025-11-04T23:28:34.677+0000] {logging_mixin.py:190} INFO - [2025-11-04T23:28:34.677+0000] {dag.py:3229} INFO - Sync 1 DAGs
[2025-11-04T23:28:34.684+0000] {logging_mixin.py:190} INFO - [2025-11-04T23:28:34.684+0000] {dag.py:4156} INFO - Setting next_dagrun for retail_pipeline_dag to 2025-11-04 00:00:00+00:00, run_after=2025-11-05 00:00:00+00:00
[2025-11-04T23:28:34.689+0000] {processor.py:208} INFO - Processing /opt/airflow/dags/retail_pipeline_dag.py took 0.300 seconds
[2025-11-04T23:30:31.179+0000] {processor.py:186} INFO - Started process (PID=215) to work on /opt/airflow/dags/retail_pipeline_dag.py
[2025-11-04T23:30:31.180+0000] {processor.py:914} INFO - Processing file /opt/airflow/dags/retail_pipeline_dag.py for tasks to queue
[2025-11-04T23:30:31.182+0000] {logging_mixin.py:190} INFO - [2025-11-04T23:30:31.181+0000] {dagbag.py:587} INFO - Filling up the DagBag from /opt/airflow/dags/retail_pipeline_dag.py
[2025-11-04T23:30:31.451+0000] {processor.py:925} INFO - DAG(s) 'retail_pipeline_dag' retrieved from /opt/airflow/dags/retail_pipeline_dag.py
[2025-11-04T23:30:31.458+0000] {logging_mixin.py:190} INFO - [2025-11-04T23:30:31.458+0000] {dag.py:3229} INFO - Sync 1 DAGs
[2025-11-04T23:30:31.465+0000] {logging_mixin.py:190} INFO - [2025-11-04T23:30:31.465+0000] {dag.py:4156} INFO - Setting next_dagrun for retail_pipeline_dag to 2025-11-04 00:00:00+00:00, run_after=2025-11-05 00:00:00+00:00
[2025-11-04T23:30:31.470+0000] {processor.py:208} INFO - Processing /opt/airflow/dags/retail_pipeline_dag.py took 0.297 seconds
[2025-11-04T23:40:53.327+0000] {processor.py:186} INFO - Started process (PID=217) to work on /opt/airflow/dags/retail_pipeline_dag.py
[2025-11-04T23:40:53.328+0000] {processor.py:914} INFO - Processing file /opt/airflow/dags/retail_pipeline_dag.py for tasks to queue
[2025-11-04T23:40:53.330+0000] {logging_mixin.py:190} INFO - [2025-11-04T23:40:53.330+0000] {dagbag.py:587} INFO - Filling up the DagBag from /opt/airflow/dags/retail_pipeline_dag.py
[2025-11-04T23:40:53.593+0000] {processor.py:925} INFO - DAG(s) 'retail_pipeline_dag' retrieved from /opt/airflow/dags/retail_pipeline_dag.py
[2025-11-04T23:40:53.601+0000] {logging_mixin.py:190} INFO - [2025-11-04T23:40:53.601+0000] {dag.py:3229} INFO - Sync 1 DAGs
[2025-11-04T23:40:53.608+0000] {logging_mixin.py:190} INFO - [2025-11-04T23:40:53.608+0000] {dag.py:4156} INFO - Setting next_dagrun for retail_pipeline_dag to 2025-11-04 00:00:00+00:00, run_after=2025-11-05 00:00:00+00:00
[2025-11-04T23:40:53.614+0000] {processor.py:208} INFO - Processing /opt/airflow/dags/retail_pipeline_dag.py took 0.291 seconds
[2025-11-04T23:45:06.684+0000] {processor.py:186} INFO - Started process (PID=219) to work on /opt/airflow/dags/retail_pipeline_dag.py
[2025-11-04T23:45:06.685+0000] {processor.py:914} INFO - Processing file /opt/airflow/dags/retail_pipeline_dag.py for tasks to queue
[2025-11-04T23:45:06.686+0000] {logging_mixin.py:190} INFO - [2025-11-04T23:45:06.686+0000] {dagbag.py:587} INFO - Filling up the DagBag from /opt/airflow/dags/retail_pipeline_dag.py
[2025-11-04T23:45:06.963+0000] {processor.py:925} INFO - DAG(s) 'retail_pipeline_dag' retrieved from /opt/airflow/dags/retail_pipeline_dag.py
[2025-11-04T23:45:06.971+0000] {logging_mixin.py:190} INFO - [2025-11-04T23:45:06.971+0000] {dag.py:3229} INFO - Sync 1 DAGs
[2025-11-04T23:45:06.978+0000] {logging_mixin.py:190} INFO - [2025-11-04T23:45:06.978+0000] {dag.py:4156} INFO - Setting next_dagrun for retail_pipeline_dag to 2025-11-04 00:00:00+00:00, run_after=2025-11-05 00:00:00+00:00
[2025-11-04T23:45:06.983+0000] {processor.py:208} INFO - Processing /opt/airflow/dags/retail_pipeline_dag.py took 0.303 seconds
